This is pdfTeX, Version 3.14159265-2.6-1.40.21 (TeX Live 2020) (preloaded format=pdflatex 2020.9.5)  6 APR 2021 22:40
entering extended mode
 restricted \write18 enabled.
 file:line:error style messages enabled.
 %&-line parsing enabled.
**GeIA.tex
(./GeIA.tex
LaTeX2e <2020-02-02> patch level 5
L3 programming layer <2020-03-06> (./revtex4-2.cls
Document Class: revtex4-2 2020/10/03 4.2e (https://journals.aps.org/revtex/ for
 documentation)
 Copyright (c) 2019 American Physical Society.
 mailto:revtex@aps.org
 Licensed under the LPPL:
http://www.ctan.org/tex-archive/macros/latex/base/lppl.txt
 Arthur Ogawa <arthur_ogawa at sbcglobal dot net>
 Based on work by David Carlisle <david at dcarlisle.demon.co.uk>
 Version (4.2d,4.2e): Modified by Mark Doyle and Phelype Oleinik
 .
ltxutil[2020/10/03 4.2e utilities package (portions licensed from W. E. Baxter 
web at superscript.com)]
LaTeX Info: Redefining \@centercr on input line 356.
Class revtex4-2 Info: Repairing broken LaTeX eqnarray on input line 406.
\eqncolsep=\skip47
Class revtex4-2 Info: Repairing hyperref-unfriendly LaTeX definition of \mpfoot
note on input line 481.
Class revtex4-2 Info: Repairing broken LateX \@sect on input line 803.
\intertabularlinepenalty=\count167
\@tbpen=\count168
\@arstrutbox@hline=\box45
Class revtex4-2 Info: Repairing broken LaTeX \@xbitor on input line 1834.
Class revtex4-2 Info: Making \typeout \long on input line 2099.
ltxfront[2020/10/03 4.2e frontmatter package (AO,DPC,MD)]
\c@affil=\count169
\c@collab=\count170
\absbox=\box46
ltxgrid[2020/10/03 4.2e page grid package (portions licensed from W. E. Baxter 
web at superscript.com)]
\c@linecount=\count171
\output@latex=\toks15
\box@size@1=\box47
\box@size@2=\box48
\@protection@box=\box49
\@topmark@saved=\toks16
\footins@saved=\box50
\footins@recovered=\box51
\column@recovered=\box52
\pagesofar=\box53
\footsofar=\box54
\pagegrid@col=\count172
Class revtex4-2 Info: Overriding \@vspace, \@vspacer, \@no@pgbk, \@newline, and
 \\  on input line 5665.
\c@part=\count173
\c@section=\count174
\c@subsection=\count175
\c@subsubsection=\count176
\c@paragraph=\count177
\c@subparagraph=\count178
\abovecaptionskip=\skip48
\belowcaptionskip=\skip49
\c@figure=\count179
\fbox@1=\box55
\c@table=\count180
\fbox@2=\box56
\c@video=\count181
\fbox@4=\box57
\@bibdataout=\write3
\widetext@top=\box58
\widetext@bot=\box59
Class revtex4-2 Info: Selecting society aps on input line 7658.
(./aps4-2.rtx
File: aps4-2 2020/10/03 4.2e (https://journals.aps.org/revtex/ for documentatio
n)
Class revtex4-2 Info: RevTeX society APS selected on input line 40.
)

Class revtex4-2 Warning: No journal specified, using default pra.

Class revtex4-2 Info: APS journal PRA selected on input line 7661.
(./aps10pt4-2.rtx
File: aps10pt4-2 2020/10/03 4.2e (https://journals.aps.org/revtex/ for document
ation)
Class revtex4-2 Info: RevTeX pointsize 10pt selected on input line 39.
)
(/usr/local/texlive/2020basic/texmf-dist/tex/latex/textcase/textcase.sty
Package: textcase 2019/09/14 v1.00 Text only upper/lower case changing (DPC)
)
(/usr/local/texlive/2020basic/texmf-dist/tex/latex/amsfonts/amssymb.sty
Package: amssymb 2013/01/14 v3.01 AMS font symbols

(/usr/local/texlive/2020basic/texmf-dist/tex/latex/amsfonts/amsfonts.sty
Package: amsfonts 2013/01/14 v3.01 Basic AMSFonts support
\@emptytoks=\toks17
\symAMSa=\mathgroup4
\symAMSb=\mathgroup5
LaTeX Font Info:    Redeclaring math symbol \hbar on input line 98.
LaTeX Font Info:    Overwriting math alphabet `\mathfrak' in version `bold'
(Font)                  U/euf/m/n --> U/euf/b/n on input line 106.
))
(/usr/local/texlive/2020basic/texmf-dist/tex/latex/amsmath/amsmath.sty
Package: amsmath 2020/01/20 v2.17e AMS math features
\@mathmargin=\skip50

For additional information on amsmath, use the `?' option.
(/usr/local/texlive/2020basic/texmf-dist/tex/latex/amsmath/amstext.sty
Package: amstext 2000/06/29 v2.01 AMS text

(/usr/local/texlive/2020basic/texmf-dist/tex/latex/amsmath/amsgen.sty
File: amsgen.sty 1999/11/30 v2.0 generic functions
\@emptytoks=\toks18
\ex@=\dimen134
)
LaTeX Info: Redefining \text on input line 28.
)
(/usr/local/texlive/2020basic/texmf-dist/tex/latex/amsmath/amsbsy.sty
Package: amsbsy 1999/11/29 v1.2d Bold Symbols
\pmbraise@=\dimen135
)
(/usr/local/texlive/2020basic/texmf-dist/tex/latex/amsmath/amsopn.sty
Package: amsopn 2016/03/08 v2.02 operator names
)
\inf@bad=\count182
LaTeX Info: Redefining \frac on input line 227.
\uproot@=\count183
\leftroot@=\count184
LaTeX Info: Redefining \overline on input line 389.
\classnum@=\count185
\DOTSCASE@=\count186
LaTeX Info: Redefining \ldots on input line 486.
LaTeX Info: Redefining \dots on input line 489.
LaTeX Info: Redefining \cdots on input line 610.
\Mathstrutbox@=\box60
\strutbox@=\box61
\big@size=\dimen136
LaTeX Font Info:    Redeclaring font encoding OML on input line 733.
LaTeX Font Info:    Redeclaring font encoding OMS on input line 734.
\macc@depth=\count187
\c@MaxMatrixCols=\count188
\dotsspace@=\muskip16
\c@parentequation=\count189
\dspbrk@lvl=\count190
\tag@help=\toks19
\row@=\count191
\column@=\count192
\maxfields@=\count193
\andhelp@=\toks20
\eqnshift@=\dimen137
\alignsep@=\dimen138
\tagshift@=\dimen139
\tagwidth@=\dimen140
\totwidth@=\dimen141
\lineht@=\dimen142
\@envbody=\toks21
\multlinegap=\skip51
\multlinetaggap=\skip52
\mathdisplay@stack=\toks22
LaTeX Info: Redefining \[ on input line 2859.
LaTeX Info: Redefining \] on input line 2860.
)
(/usr/local/texlive/2020basic/texmf-dist/tex/latex/url/url.sty
\Urlmuskip=\muskip17
Package: url 2013/09/16  ver 3.4  Verb mode for urls, etc.
)
(/usr/local/texlive/2020basic/texmf-dist/tex/latex/natbib/natbib.sty
Package: natbib 2010/09/13 8.31b (PWD, AO)
\bibhang=\skip53
\bibsep=\skip54
LaTeX Info: Redefining \cite on input line 694.
\c@NAT@ctr=\count194
)
Class revtex4-2 Info: Repairing natbib's \BibitemShut on input line 7665.

(./revsymb4-2.sty
Package: revsymb4-2 2020/10/03 4.2e (https://journals.aps.org/revtex/ for docum
entation)
LaTeX Info: Redefining \frak on input line 104.
LaTeX Info: Redefining \Bbb on input line 120.
LaTeX Info: Redefining \REV@mathfrak on input line 128.
))
(/usr/local/texlive/2020basic/texmf-dist/tex/latex/graphics/graphicx.sty
Package: graphicx 2019/11/30 v1.2a Enhanced LaTeX Graphics (DPC,SPQR)

(/usr/local/texlive/2020basic/texmf-dist/tex/latex/graphics/keyval.sty
Package: keyval 2014/10/28 v1.15 key=value parser (DPC)
\KV@toks@=\toks23
)
(/usr/local/texlive/2020basic/texmf-dist/tex/latex/graphics/graphics.sty
Package: graphics 2019/11/30 v1.4a Standard LaTeX Graphics (DPC,SPQR)

(/usr/local/texlive/2020basic/texmf-dist/tex/latex/graphics/trig.sty
Package: trig 2016/01/03 v1.10 sin cos tan (DPC)
)
(/usr/local/texlive/2020basic/texmf-dist/tex/latex/graphics-cfg/graphics.cfg
File: graphics.cfg 2016/06/04 v1.11 sample graphics configuration
)
Package graphics Info: Driver file: pdftex.def on input line 105.

(/usr/local/texlive/2020basic/texmf-dist/tex/latex/graphics-def/pdftex.def
File: pdftex.def 2018/01/08 v1.0l Graphics/color driver for pdftex
))
\Gin@req@height=\dimen143
\Gin@req@width=\dimen144
)
(/usr/local/texlive/2020basic/texmf-dist/tex/latex/tools/dcolumn.sty
Package: dcolumn 2014/10/28 v1.06 decimal alignment package (DPC)

(/usr/local/texlive/2020basic/texmf-dist/tex/latex/tools/array.sty
Package: array 2019/08/31 v2.4l Tabular extension package (FMi)
\col@sep=\dimen145
\ar@mcellbox=\box62
\extrarowheight=\dimen146
\NC@list=\toks24
\extratabsurround=\skip55
\backup@length=\skip56
\ar@cellbox=\box63
))
(/usr/local/texlive/2020basic/texmf-dist/tex/latex/tools/bm.sty
Package: bm 2019/07/24 v1.2d Bold Symbol Support (DPC/FMi)
\symboldoperators=\mathgroup6
\symboldletters=\mathgroup7
\symboldsymbols=\mathgroup8
LaTeX Font Info:    Redeclaring math alphabet \mathbf on input line 141.
LaTeX Info: Redefining \bm on input line 209.
)

! LaTeX Error: File `comment.sty' not found.

Type X to quit or <RETURN> to proceed,
or enter new name. (Default extension: sty)

Enter file name: 
Class revtex4-2 Info: Unrecognized array package. Please update this document c
lass! (Proceeding with fingers crossed.) on input line 59.
Class revtex4-2 Info: cite was not loaded (OK!) on input line 59.
Class revtex4-2 Info: mcite was not loaded (OK!) on input line 59.
Class revtex4-2 Info: multicol was not loaded (OK!) on input line 59.

(/usr/local/texlive/2020basic/texmf-dist/tex/latex/l3backend/l3backend-pdfmode.
def
File: l3backend-pdfmode.def 2020-03-12 L3 backend support: PDF mode
\l__kernel_color_stack_int=\count195
\l__pdf_internal_box=\box64
) (./GeIA.aux

LaTeX Warning: Label `MFP' multiply defined.


LaTeX Warning: Label `MFP' multiply defined.


LaTeX Warning: Label `sec:level3' multiply defined.


LaTeX Warning: Label `bulk_leakage_current' multiply defined.


LaTeX Warning: Label `EB' multiply defined.

)
\openout1 = `GeIA.aux'.

LaTeX Font Info:    Checking defaults for OML/cmm/m/it on input line 59.
LaTeX Font Info:    ... okay on input line 59.
LaTeX Font Info:    Checking defaults for OMS/cmsy/m/n on input line 59.
LaTeX Font Info:    ... okay on input line 59.
LaTeX Font Info:    Checking defaults for OT1/cmr/m/n on input line 59.
LaTeX Font Info:    ... okay on input line 59.
LaTeX Font Info:    Checking defaults for T1/cmr/m/n on input line 59.
LaTeX Font Info:    ... okay on input line 59.
LaTeX Font Info:    Checking defaults for TS1/cmr/m/n on input line 59.
LaTeX Font Info:    ... okay on input line 59.
LaTeX Font Info:    Checking defaults for OMX/cmex/m/n on input line 59.
LaTeX Font Info:    ... okay on input line 59.
LaTeX Font Info:    Checking defaults for U/cmr/m/n on input line 59.
LaTeX Font Info:    ... okay on input line 59.
 (/usr/local/texlive/2020basic/texmf-dist/tex/context/base/mkii/supp-pdf.mkii
[Loading MPS to PDF converter (version 2006.09.02).]
\scratchcounter=\count196
\scratchdimen=\dimen147
\scratchbox=\box65
\nofMPsegments=\count197
\nofMParguments=\count198
\everyMPshowfont=\toks25
\MPscratchCnt=\count199
\MPscratchDim=\dimen148
\MPnumerator=\count266
\makeMPintoPDFobject=\count267
\everyMPtoPDFconversion=\toks26
)
(/usr/local/texlive/2020basic/texmf-dist/tex/latex/epstopdf-pkg/epstopdf-base.s
ty
Package: epstopdf-base 2020-01-24 v2.11 Base part for package epstopdf
Package epstopdf-base Info: Redefining graphics rule for `.eps' on input line 4
85.

(/usr/local/texlive/2020basic/texmf-dist/tex/latex/latexconfig/epstopdf-sys.cfg
File: epstopdf-sys.cfg 2010/07/13 v1.3 Configuration of (r)epstopdf for TeX Liv
e
))
\openout3 = `GeIANotes.bib'.



Class revtex4-2 Warning: Assuming \noaffiliation for collaboration.

LaTeX Font Info:    Trying to load font information for U+msa on input line 85.

(/usr/local/texlive/2020basic/texmf-dist/tex/latex/amsfonts/umsa.fd
File: umsa.fd 2013/01/14 v3.01 AMS symbols A
)
LaTeX Font Info:    Trying to load font information for U+msb on input line 85.


(/usr/local/texlive/2020basic/texmf-dist/tex/latex/amsfonts/umsb.fd
File: umsb.fd 2013/01/14 v3.01 AMS symbols B
)
(./GeIA.toc)
\tf@toc=\write4
\openout4 = `GeIA.toc'.


Underfull \hbox (badness 1748) in paragraph at lines 102--102
[]\OT1/cmr/m/n/10 Given the semi-con-duc-tor con-tain-ing the dif-fer-ent
 []

[1{/usr/local/texlive/2020basic/texmf-var/fonts/map/pdftex/updmap/pdftex.map}]
</Users/yehchihhsiang/Desktop/Chronological_Results/2021-all/Education_Paper/SH
EME/PN_Junction.png, id=15, 401.5pt x 225.84375pt>
File: /Users/yehchihhsiang/Desktop/Chronological_Results/2021-all/Education_Pap
er/SHEME/PN_Junction.png Graphic file (type png)
<use /Users/yehchihhsiang/Desktop/Chronological_Results/2021-all/Education_Pape
r/SHEME/PN_Junction.png>
Package pdftex.def Info: /Users/yehchihhsiang/Desktop/Chronological_Results/202
1-all/Education_Paper/SHEME/PN_Junction.png  used on input line 106.
(pdftex.def)             Requested size: 178.50311pt x 100.40881pt.
</Users/yehchihhsiang/Desktop/Chronological_Results/2021-all/Education_Paper/De
pletion_Length.pdf, id=17, 569.12625pt x 446.66875pt>
File: /Users/yehchihhsiang/Desktop/Chronological_Results/2021-all/Education_Pap
er/Depletion_Length.pdf Graphic file (type pdf)
<use /Users/yehchihhsiang/Desktop/Chronological_Results/2021-all/Education_Pape
r/Depletion_Length.pdf>
Package pdftex.def Info: /Users/yehchihhsiang/Desktop/Chronological_Results/202
1-all/Education_Paper/Depletion_Length.pdf  used on input line 127.
(pdftex.def)             Requested size: 178.50311pt x 140.0948pt.


LaTeX Warning: `h' float specifier changed to `ht'.

<SHEME/Electron_velocity.png, id=18, 637.38126pt x 354.32375pt>
File: SHEME/Electron_velocity.png Graphic file (type png)
<use SHEME/Electron_velocity.png>
Package pdftex.def Info: SHEME/Electron_velocity.png  used on input line 155.
(pdftex.def)             Requested size: 255.0pt x 141.75401pt.

Overfull \hbox (9.0pt too wide) in paragraph at lines 155--156
 [][] 
 []


LaTeX Warning: `h' float specifier changed to `ht'.

<SHEME/effective_Mass_Relation.png, id=19, 246.9225pt x 224.84pt>
File: SHEME/effective_Mass_Relation.png Graphic file (type png)
<use SHEME/effective_Mass_Relation.png>
Package pdftex.def Info: SHEME/effective_Mass_Relation.png  used on input line 
165.
(pdftex.def)             Requested size: 178.50311pt x 162.53651pt.
[2 </Users/yehchihhsiang/Desktop/Chronological_Results/2021-all/Education_Paper
/SHEME/PN_Junction.png> </Users/yehchihhsiang/Desktop/Chronological_Results/202
1-all/Education_Paper/Depletion_Length.pdf, page is rotated 90 degrees>]

LaTeX Warning: A float is stuck (cannot be placed); try class option [floatfix]
 on input line 169.


Underfull \hbox (badness 10000) in paragraph at lines 172--173

 []


Underfull \hbox (badness 10000) in paragraph at lines 178--179

 []


LaTeX Warning: Command \L invalid in math mode on input line 180.


Underfull \hbox (badness 10000) in paragraph at lines 180--181

 []


Underfull \hbox (badness 10000) in paragraph at lines 186--187

 []


Underfull \hbox (badness 10000) in paragraph at lines 188--190

 []


Underfull \hbox (badness 10000) in paragraph at lines 191--192

 []


Underfull \hbox (badness 10000) in paragraph at lines 204--205

 []

<SHEME/Ionization_Rate.png, id=72, 408.52625pt x 387.4475pt>
File: SHEME/Ionization_Rate.png Graphic file (type png)
<use SHEME/Ionization_Rate.png>
Package pdftex.def Info: SHEME/Ionization_Rate.png  used on input line 210.
(pdftex.def)             Requested size: 178.50311pt x 169.29503pt.

LaTeX Warning: `h' float specifier changed to `ht'.


Underfull \hbox (badness 10000) in paragraph at lines 223--224

 []

[3 <./SHEME/Electron_velocity.png> <./SHEME/effective_Mass_Relation.png>]

LaTeX Warning: A float is stuck (cannot be placed); try class option [floatfix]
 on input line 224.


./GeIA.tex:230: Package inputenc Error: Unicode character 􏰊 (U+10FC0A)
(inputenc)                not set up for use with LaTeX.

See the inputenc package documentation for explanation.
Type  H <return>  for immediate help.
 ...                                              
                                                  
l.230 ...entration, e is the electron charge, 􏰊
                                                  $\epsilon$ is the dielectr...

? 
<SHEME/GeIA_Pioneer.png, id=80, 193.72375pt x 200.75pt>
File: SHEME/GeIA_Pioneer.png Graphic file (type png)
<use SHEME/GeIA_Pioneer.png>
Package pdftex.def Info: SHEME/GeIA_Pioneer.png  used on input line 233.
(pdftex.def)             Requested size: 178.50311pt x 184.98016pt.
<SHEME/Avalanche_Reach_Through.png, id=81, 235.88126pt x 205.76875pt>
File: SHEME/Avalanche_Reach_Through.png Graphic file (type png)
<use SHEME/Avalanche_Reach_Through.png>
Package pdftex.def Info: SHEME/Avalanche_Reach_Through.png  used on input line 
249.
(pdftex.def)             Requested size: 178.50311pt x 155.71709pt.

Underfull \hbox (badness 10000) in paragraph at lines 258--260

 []

[4 <./SHEME/Ionization_Rate.png> <./SHEME/GeIA_Pioneer.png> <./SHEME/Avalanche_
Reach_Through.png>]
Underfull \hbox (badness 10000) in paragraph at lines 274--275

 []


Underfull \hbox (badness 10000) in paragraph at lines 276--277

 []

<SHEME/Contact_Leakage_2.png, id=90, 659.46375pt x 219.82124pt>
File: SHEME/Contact_Leakage_2.png Graphic file (type png)
<use SHEME/Contact_Leakage_2.png>
Package pdftex.def Info: SHEME/Contact_Leakage_2.png  used on input line 280.
(pdftex.def)             Requested size: 255.0pt x 84.99872pt.

Overfull \hbox (9.0pt too wide) in paragraph at lines 280--281
 [][] 
 []

<SHEME/Contact_Leakage_1.png, id=91, 329.23pt x 304.13625pt>
File: SHEME/Contact_Leakage_1.png Graphic file (type png)
<use SHEME/Contact_Leakage_1.png>
Package pdftex.def Info: SHEME/Contact_Leakage_1.png  used on input line 287.
(pdftex.def)             Requested size: 178.50311pt x 164.89938pt.

LaTeX Warning: `h' float specifier changed to `ht'.


Underfull \hbox (badness 10000) in paragraph at lines 293--294

 []


Underfull \hbox (badness 10000) in paragraph at lines 296--298

 []


Underfull \hbox (badness 2635) in paragraph at lines 299--300
\OT1/cmr/m/n/10 book[[]]. Ba-si-cally, it is a Metal-Semiconductor
 []


Underfull \hbox (badness 10000) in paragraph at lines 299--300

 []


Underfull \hbox (badness 10000) in paragraph at lines 302--303

 []


Underfull \hbox (badness 10000) in paragraph at lines 304--305

 []


Underfull \hbox (badness 1292) in paragraph at lines 306--307
\OT1/cmr/m/n/10 cur-rent is il-lus-trated at the very low tem-per-a-ture,
 []


Underfull \hbox (badness 10000) in paragraph at lines 306--307

 []

<SHEME/Surface_Leakage_Current.png, id=92, 316.18124pt x 216.81pt>
File: SHEME/Surface_Leakage_Current.png Graphic file (type png)
<use SHEME/Surface_Leakage_Current.png>
Package pdftex.def Info: SHEME/Surface_Leakage_Current.png  used on input line 
310.
(pdftex.def)             Requested size: 203.99689pt x 139.88603pt.

LaTeX Warning: `h' float specifier changed to `ht'.

<SHEME/Surface_Leakage_Current_2.png, id=93, 425.59pt x 293.095pt>
File: SHEME/Surface_Leakage_Current_2.png Graphic file (type png)
<use SHEME/Surface_Leakage_Current_2.png>
Package pdftex.def Info: SHEME/Surface_Leakage_Current_2.png  used on input lin
e 317.
(pdftex.def)             Requested size: 203.99689pt x 140.49168pt.

LaTeX Warning: `h' float specifier changed to `ht'.


Underfull \hbox (badness 10000) in paragraph at lines 325--326

 []


Underfull \hbox (badness 10000) in paragraph at lines 328--329

 []

[5 <./SHEME/Contact_Leakage_2.png> <./SHEME/Contact_Leakage_1.png>]

LaTeX Warning: A float is stuck (cannot be placed); try class option [floatfix]
 on input line 329.

<Leakage_Current_Summary.pdf, id=102, 569.12625pt x 445.665pt>
File: Leakage_Current_Summary.pdf Graphic file (type pdf)
<use Leakage_Current_Summary.pdf>
Package pdftex.def Info: Leakage_Current_Summary.pdf  used on input line 332.
(pdftex.def)             Requested size: 203.99689pt x 159.74564pt.

LaTeX Warning: `h' float specifier changed to `ht'.


Underfull \hbox (badness 10000) in paragraph at lines 341--342

 []


Underfull \hbox (badness 10000) in paragraph at lines 346--347

 []


Underfull \hbox (badness 10000) in paragraph at lines 348--349

 []


Underfull \hbox (badness 10000) in paragraph at lines 350--351

 []

<Electric_Field_PPC.png, id=103, 494.84875pt x 480.79625pt>
File: Electric_Field_PPC.png Graphic file (type png)
<use Electric_Field_PPC.png>
Package pdftex.def Info: Electric_Field_PPC.png  used on input line 354.
(pdftex.def)             Requested size: 203.99689pt x 198.19884pt.

LaTeX Warning: `h' float specifier changed to `ht'.


Underfull \hbox (badness 10000) in paragraph at lines 363--364

 []


Underfull \hbox (badness 10000) in paragraph at lines 365--367

 []

[6 <./SHEME/Surface_Leakage_Current.png> <./SHEME/Surface_Leakage_Current_2.png
> <./Leakage_Current_Summary.pdf, page is rotated 90 degrees>]

LaTeX Warning: A float is stuck (cannot be placed); try class option [floatfix]
 on input line 367.

</Users/yehchihhsiang/Desktop/Chronological_Results/2021-all/Education_Paper/Ga
in_Factor.png, id=152, 349.305pt x 271.0125pt>
File: /Users/yehchihhsiang/Desktop/Chronological_Results/2021-all/Education_Pap
er/Gain_Factor.png Graphic file (type png)
<use /Users/yehchihhsiang/Desktop/Chronological_Results/2021-all/Education_Pape
r/Gain_Factor.png>
Package pdftex.def Info: /Users/yehchihhsiang/Desktop/Chronological_Results/202
1-all/Education_Paper/Gain_Factor.png  used on input line 372.
(pdftex.def)             Requested size: 203.99689pt x 158.27493pt.

LaTeX Warning: `h' float specifier changed to `ht'.

</Users/yehchihhsiang/Desktop/Chronological_Results/2021-all/Education_Paper/Ga
in_Zoomin.png, id=153, 945.5325pt x 756.8275pt>
File: /Users/yehchihhsiang/Desktop/Chronological_Results/2021-all/Education_Pap
er/Gain_Zoomin.png Graphic file (type png)
<use /Users/yehchihhsiang/Desktop/Chronological_Results/2021-all/Education_Pape
r/Gain_Zoomin.png>
Package pdftex.def Info: /Users/yehchihhsiang/Desktop/Chronological_Results/202
1-all/Education_Paper/Gain_Zoomin.png  used on input line 379.
(pdftex.def)             Requested size: 203.99689pt x 163.2806pt.

LaTeX Warning: `h' float specifier changed to `ht'.


Underfull \hbox (badness 10000) in paragraph at lines 386--387

 []


Underfull \hbox (badness 10000) in paragraph at lines 393--394

 []

</Users/yehchihhsiang/Desktop/Chronological_Results/2021-all/Education_Paper/BS
_General.png, id=154, 466.74374pt x 332.24126pt>
File: /Users/yehchihhsiang/Desktop/Chronological_Results/2021-all/Education_Pap
er/BS_General.png Graphic file (type png)
<use /Users/yehchihhsiang/Desktop/Chronological_Results/2021-all/Education_Pape
r/BS_General.png>
Package pdftex.def Info: /Users/yehchihhsiang/Desktop/Chronological_Results/202
1-all/Education_Paper/BS_General.png  used on input line 397.
(pdftex.def)             Requested size: 203.99689pt x 145.21323pt.

LaTeX Warning: `h' float specifier changed to `ht'.


Underfull \hbox (badness 10000) in paragraph at lines 409--410

 []


Underfull \hbox (badness 1092) in paragraph at lines 411--412
\OT1/cmr/m/n/10 the match-ing volt-age giv-ing rise to the break-down
 []


Underfull \hbox (badness 10000) in paragraph at lines 411--412

 []

[7 <./Electric_Field_PPC.png> </Users/yehchihhsiang/Desktop/Chronological_Resul
ts/2021-all/Education_Paper/Gain_Factor.png> </Users/yehchihhsiang/Desktop/Chro
nological_Results/2021-all/Education_Paper/Gain_Zoomin.png>]

LaTeX Warning: A float is stuck (cannot be placed); try class option [floatfix]
 on input line 412.


Underfull \hbox (badness 10000) in paragraph at lines 413--414

 []

<Ex_PPC_Max.pdf, id=162, 569.12625pt x 445.665pt>
File: Ex_PPC_Max.pdf Graphic file (type pdf)
<use Ex_PPC_Max.pdf>
Package pdftex.def Info: Ex_PPC_Max.pdf  used on input line 417.
(pdftex.def)             Requested size: 203.99689pt x 159.74564pt.

Overfull \hbox (35.72pt too wide) in paragraph at lines 424--433
 []$[]$ 
 []

(./GeIA.bbl [8 </Users/yehchihhsiang/Desktop/Chronological_Results/2021-all/Edu
cation_Paper/BS_General.png> <./Ex_PPC_Max.pdf, page is rotated 90 degrees>]
Underfull \hbox (badness 1292) in paragraph at lines 124--133
 \OT1/cmr/m/n/9 G. Roelkens, and J. Van Camp-en-hout, Jour-
 []


Underfull \hbox (badness 2809) in paragraph at lines 124--133
 \OT1/cmr/m/n/9 nal of Ap-plied Physics \OT1/cmr/bx/n/9 119\OT1/cmr/m/n/9 , 213
105 (2016),
 []


Underfull \hbox (badness 10000) in paragraph at lines 162--166
 []\OT1/cmr/m/n/9 S. Li, \OT1/cmr/m/it/9 Semi-con-duc-tor Phys-i-cal Elec-tron-
ics
 []


Underfull \hbox (badness 1533) in paragraph at lines 170--180
 []\OT1/cmr/m/n/9 A. Milnes and D. Feucht, in \OT1/cmr/m/it/9 Het-ero-junc-tion
s
 []

)

./GeIA.tex:454: LaTeX Error: \begin{enumerate} on input line 442 ended by \end{
document}.

See the LaTeX manual or LaTeX Companion for explanation.
Type  H <return>  for immediate help.
 ...                                              
                                                  
l.454 \end{document}
                    
? 
[9] (./GeIA.aux)

LaTeX Warning: There were multiply-defined labels.

 )
(\end occurred inside a group at level 1)

### semi simple group (level 1) entered at line 442 (\begingroup)
### bottom level 
Here is how much of TeX's memory you used:
 4684 strings out of 482056
 64218 string characters out of 5937676
 322335 words of memory out of 5000000
 20288 multiletter control sequences out of 15000+600000
 547717 words of font info for 80 fonts, out of 8000000 for 9000
 319 hyphenation exceptions out of 8191
 38i,8n,35p,654b,366s stack positions out of 5000i,500n,10000p,200000b,80000s
</usr/local/texlive/2020basic/texmf-dist/fonts/type1/public/ams
fonts/cm/cmbx12.pfb></usr/local/texlive/2020basic/texmf-dist/fonts/type1/public
/amsfonts/cm/cmbx9.pfb></usr/local/texlive/2020basic/texmf-dist/fonts/type1/pub
lic/amsfonts/cm/cmex10.pfb></usr/local/texlive/2020basic/texmf-dist/fonts/type1
/public/amsfonts/cm/cmmi10.pfb></usr/local/texlive/2020basic/texmf-dist/fonts/t
ype1/public/amsfonts/cm/cmmi5.pfb></usr/local/texlive/2020basic/texmf-dist/font
s/type1/public/amsfonts/cm/cmmi6.pfb></usr/local/texlive/2020basic/texmf-dist/f
onts/type1/public/amsfonts/cm/cmmi7.pfb></usr/local/texlive/2020basic/texmf-dis
t/fonts/type1/public/amsfonts/cm/cmmi9.pfb></usr/local/texlive/2020basic/texmf-
dist/fonts/type1/public/amsfonts/cm/cmr10.pfb></usr/local/texlive/2020basic/tex
mf-dist/fonts/type1/public/amsfonts/cm/cmr5.pfb></usr/local/texlive/2020basic/t
exmf-dist/fonts/type1/public/amsfonts/cm/cmr6.pfb></usr/local/texlive/2020basic
/texmf-dist/fonts/type1/public/amsfonts/cm/cmr7.pfb></usr/local/texlive/2020bas
ic/texmf-dist/fonts/type1/public/amsfonts/cm/cmr8.pfb></usr/local/texlive/2020b
asic/texmf-dist/fonts/type1/public/amsfonts/cm/cmr9.pfb></usr/local/texlive/202
0basic/texmf-dist/fonts/type1/public/amsfonts/cm/cmsy10.pfb></usr/local/texlive
/2020basic/texmf-dist/fonts/type1/public/amsfonts/cm/cmsy5.pfb></usr/local/texl
ive/2020basic/texmf-dist/fonts/type1/public/amsfonts/cm/cmsy6.pfb></usr/local/t
exlive/2020basic/texmf-dist/fonts/type1/public/amsfonts/cm/cmsy7.pfb></usr/loca
l/texlive/2020basic/texmf-dist/fonts/type1/public/amsfonts/cm/cmsy8.pfb></usr/l
ocal/texlive/2020basic/texmf-dist/fonts/type1/public/amsfonts/cm/cmsy9.pfb></us
r/local/texlive/2020basic/texmf-dist/fonts/type1/public/amsfonts/cm/cmti9.pfb><
/usr/local/texlive/2020basic/texmf-dist/fonts/type1/public/amsfonts/symbols/msa
m10.pfb>
Output written on GeIA.pdf (9 pages, 1584416 bytes).
PDF statistics:
 284 PDF objects out of 1000 (max. 8388607)
 143 compressed objects within 2 object streams
 0 named destinations out of 1000 (max. 500000)
 86 words of extra memory for PDF output out of 10000 (max. 10000000)

