This is pdfTeX, Version 3.14159265-2.6-1.40.21 (TeX Live 2020) (preloaded format=pdflatex 2020.9.5)  6 APR 2021 09:14
entering extended mode
 restricted \write18 enabled.
 file:line:error style messages enabled.
 %&-line parsing enabled.
**main.tex
(./main.tex
LaTeX2e <2020-02-02> patch level 5
L3 programming layer <2020-03-06> (./mitthesis.cls
Document Class: mitthesis 1999/10/20
\vithesis=\count167
(/usr/local/texlive/2020basic/texmf-dist/tex/latex/base/report.cls
Document Class: report 2019/12/20 v1.4l Standard LaTeX document class
(/usr/local/texlive/2020basic/texmf-dist/tex/latex/base/size12.clo
File: size12.clo 2019/12/20 v1.4l Standard LaTeX file (size option)
)
\c@part=\count168
\c@chapter=\count169
\c@section=\count170
\c@subsection=\count171
\c@subsubsection=\count172
\c@paragraph=\count173
\c@subparagraph=\count174
\c@figure=\count175
\c@table=\count176
\abovecaptionskip=\skip47
\belowcaptionskip=\skip48
\bibindent=\dimen134
)
(/usr/local/texlive/2020basic/texmf-dist/tex/latex/setspace/setspace.sty
Package: setspace 2011/12/19 v6.7a set line spacing
)
Thesis document copyright MIT unless otherwise (manually) specified
\@titlesupervisor=\box45
\@abstractsupervisor=\box46
\c@savepage=\count177
) (./lgrind.sty
Package: lgrind 1997/01/30 v3.4 LGrind environment and supporting stuff
\lc@unt=\count178
\ln@xt=\count179
\LGnuminterval=\count180
\LGindent=\skip49
\LGsloppy=\skip50
\procbox=\box47
\ls@far=\box48
\tb@x=\box49
\TBw@d=\dimen135
\@ts=\dimen136
)
(/usr/local/texlive/2020basic/texmf-dist/tex/latex/cmap/cmap.sty
Package: cmap 2008/03/06 v1.0h CMap support: searchable PDF
)
(/usr/local/texlive/2020basic/texmf-dist/tex/latex/base/fontenc.sty
Package: fontenc 2020/02/11 v2.0o Standard LaTeX package
<<t1.cmap>>)

! LaTeX Error: File `comment.sty' not found.

Type X to quit or <RETURN> to proceed,
or enter new name. (Default extension: sty)

Enter file name: 
(/usr/local/texlive/2020basic/texmf-dist/tex/latex/tools/verbatim.sty
Package: verbatim 2019/11/10 v1.5r LaTeX2e package for verbatim enhancements
\every@verbatim=\toks15
\verbatim@line=\toks16
\verbatim@in@stream=\read2
)
(/usr/local/texlive/2020basic/texmf-dist/tex/latex/geometry/geometry.sty
Package: geometry 2020/01/02 v5.9 Page Geometry

(/usr/local/texlive/2020basic/texmf-dist/tex/latex/graphics/keyval.sty
Package: keyval 2014/10/28 v1.15 key=value parser (DPC)
\KV@toks@=\toks17
)
(/usr/local/texlive/2020basic/texmf-dist/tex/generic/iftex/ifvtex.sty
Package: ifvtex 2019/10/25 v1.7 ifvtex legacy package. Use iftex instead.

(/usr/local/texlive/2020basic/texmf-dist/tex/generic/iftex/iftex.sty
Package: iftex 2020/03/06 v1.0d TeX engine tests
))
\Gm@cnth=\count181
\Gm@cntv=\count182
\c@Gm@tempcnt=\count183
\Gm@bindingoffset=\dimen137
\Gm@wd@mp=\dimen138
\Gm@odd@mp=\dimen139
\Gm@even@mp=\dimen140
\Gm@layoutwidth=\dimen141
\Gm@layoutheight=\dimen142
\Gm@layouthoffset=\dimen143
\Gm@layoutvoffset=\dimen144
\Gm@dimlist=\toks18
)

! LaTeX Error: File `subfigure.sty' not found.

Type X to quit or <RETURN> to proceed,
or enter new name. (Default extension: sty)

Enter file name: 
(/usr/local/texlive/2020basic/texmf-dist/tex/latex/caption/caption.sty
Package: caption 2020/01/03 v3.4h Customizing captions (AR)

(/usr/local/texlive/2020basic/texmf-dist/tex/latex/caption/caption3.sty
Package: caption3 2020/01/03 v1.8h caption3 kernel (AR)
Package caption3 Info: TeX engine: e-TeX on input line 61.
\captionmargin=\dimen145
\captionmargin@=\dimen146
\captionwidth=\dimen147
\caption@tempdima=\dimen148
\caption@indent=\dimen149
\caption@parindent=\dimen150
\caption@hangindent=\dimen151
Package caption Info: Standard document class detected.
)
\c@caption@flags=\count184
\c@continuedfloat=\count185
Package caption Info: subfigure package is loaded.


/usr/local/texlive/2020basic/texmf-dist/tex/latex/caption/caption.sty:1435: Pac
kage caption Error: For a successful cooperation we need at least version
(caption)                `2002/01/23 v2.1' of package subfigure,
(caption)                but only version
(caption)                `'
(caption)                is available.

See the caption package documentation for explanation.
Type  H <return>  for immediate help.
 ...                                              
                                                  
l.1435 }{}
          
? 
) (/usr/local/texlive/2020basic/texmf-dist/tex/latex/caption/subcaption.sty
Package: subcaption 2020/01/22 v1.3d Sub-captions (AR)


/usr/local/texlive/2020basic/texmf-dist/tex/latex/caption/subcaption.sty:62: Pa
ckage subcaption Error: This package can't be used in cooperation
(subcaption)                with the subfigure package.

See the subcaption package documentation for explanation.
Type  H <return>  for immediate help.
 ...                                              
                                                  
l.62 \subcaption@CheckCompatibility
                                   
? 
) (/usr/local/texlive/2020basic/texmf-dist/tex/latex/amsmath/amsmath.sty
Package: amsmath 2020/01/20 v2.17e AMS math features
\@mathmargin=\skip51

For additional information on amsmath, use the `?' option.
(/usr/local/texlive/2020basic/texmf-dist/tex/latex/amsmath/amstext.sty
Package: amstext 2000/06/29 v2.01 AMS text

(/usr/local/texlive/2020basic/texmf-dist/tex/latex/amsmath/amsgen.sty
File: amsgen.sty 1999/11/30 v2.0 generic functions
\@emptytoks=\toks19
\ex@=\dimen152
))
(/usr/local/texlive/2020basic/texmf-dist/tex/latex/amsmath/amsbsy.sty
Package: amsbsy 1999/11/29 v1.2d Bold Symbols
\pmbraise@=\dimen153
)
(/usr/local/texlive/2020basic/texmf-dist/tex/latex/amsmath/amsopn.sty
Package: amsopn 2016/03/08 v2.02 operator names
)
\inf@bad=\count186
LaTeX Info: Redefining \frac on input line 227.
\uproot@=\count187
\leftroot@=\count188
LaTeX Info: Redefining \overline on input line 389.
\classnum@=\count189
\DOTSCASE@=\count190
LaTeX Info: Redefining \ldots on input line 486.
LaTeX Info: Redefining \dots on input line 489.
LaTeX Info: Redefining \cdots on input line 610.
\Mathstrutbox@=\box50
\strutbox@=\box51
\big@size=\dimen154
LaTeX Font Info:    Redeclaring font encoding OML on input line 733.
LaTeX Font Info:    Redeclaring font encoding OMS on input line 734.
\macc@depth=\count191
\c@MaxMatrixCols=\count192
\dotsspace@=\muskip16
\c@parentequation=\count193
\dspbrk@lvl=\count194
\tag@help=\toks20
\row@=\count195
\column@=\count196
\maxfields@=\count197
\andhelp@=\toks21
\eqnshift@=\dimen155
\alignsep@=\dimen156
\tagshift@=\dimen157
\tagwidth@=\dimen158
\totwidth@=\dimen159
\lineht@=\dimen160
\@envbody=\toks22
\multlinegap=\skip52
\multlinetaggap=\skip53
\mathdisplay@stack=\toks23
LaTeX Info: Redefining \[ on input line 2859.
LaTeX Info: Redefining \] on input line 2860.
)
(/usr/local/texlive/2020basic/texmf-dist/tex/latex/base/inputenc.sty
Package: inputenc 2018/08/11 v1.3c Input encoding file
\inpenc@prehook=\toks24
\inpenc@posthook=\toks25
)
(/usr/local/texlive/2020basic/texmf-dist/tex/latex/pgf/frontendlayer/tikz.sty
(/usr/local/texlive/2020basic/texmf-dist/tex/latex/pgf/basiclayer/pgf.sty
(/usr/local/texlive/2020basic/texmf-dist/tex/latex/pgf/utilities/pgfrcs.sty
(/usr/local/texlive/2020basic/texmf-dist/tex/generic/pgf/utilities/pgfutil-comm
on.tex
\pgfutil@everybye=\toks26
\pgfutil@tempdima=\dimen161
\pgfutil@tempdimb=\dimen162

(/usr/local/texlive/2020basic/texmf-dist/tex/generic/pgf/utilities/pgfutil-comm
on-lists.tex))
(/usr/local/texlive/2020basic/texmf-dist/tex/generic/pgf/utilities/pgfutil-late
x.def
\pgfutil@abb=\box52
 (/usr/local/texlive/2020basic/texmf-dist/tex/latex/ms/everyshi.sty
Package: everyshi 2001/05/15 v3.00 EveryShipout Package (MS)
))
(/usr/local/texlive/2020basic/texmf-dist/tex/generic/pgf/utilities/pgfrcs.code.
tex (/usr/local/texlive/2020basic/texmf-dist/tex/generic/pgf/pgf.revision.tex)
Package: pgfrcs 2020/01/08 v3.1.5b (3.1.5b)
))
Package: pgf 2020/01/08 v3.1.5b (3.1.5b)
 (/usr/local/texlive/2020basic/texmf-dist/tex/latex/pgf/basiclayer/pgfcore.sty 
(/usr/local/texlive/2020basic/texmf-dist/tex/latex/graphics/graphicx.sty
Package: graphicx 2019/11/30 v1.2a Enhanced LaTeX Graphics (DPC,SPQR)

(/usr/local/texlive/2020basic/texmf-dist/tex/latex/graphics/graphics.sty
Package: graphics 2019/11/30 v1.4a Standard LaTeX Graphics (DPC,SPQR)

(/usr/local/texlive/2020basic/texmf-dist/tex/latex/graphics/trig.sty
Package: trig 2016/01/03 v1.10 sin cos tan (DPC)
)
(/usr/local/texlive/2020basic/texmf-dist/tex/latex/graphics-cfg/graphics.cfg
File: graphics.cfg 2016/06/04 v1.11 sample graphics configuration
)
Package graphics Info: Driver file: pdftex.def on input line 105.

(/usr/local/texlive/2020basic/texmf-dist/tex/latex/graphics-def/pdftex.def
File: pdftex.def 2018/01/08 v1.0l Graphics/color driver for pdftex
))
\Gin@req@height=\dimen163
\Gin@req@width=\dimen164
)
(/usr/local/texlive/2020basic/texmf-dist/tex/latex/pgf/systemlayer/pgfsys.sty
(/usr/local/texlive/2020basic/texmf-dist/tex/generic/pgf/systemlayer/pgfsys.cod
e.tex
Package: pgfsys 2020/01/08 v3.1.5b (3.1.5b)

(/usr/local/texlive/2020basic/texmf-dist/tex/generic/pgf/utilities/pgfkeys.code
.tex
\pgfkeys@pathtoks=\toks27
\pgfkeys@temptoks=\toks28

(/usr/local/texlive/2020basic/texmf-dist/tex/generic/pgf/utilities/pgfkeysfilte
red.code.tex
\pgfkeys@tmptoks=\toks29
))
\pgf@x=\dimen165
\pgf@y=\dimen166
\pgf@xa=\dimen167
\pgf@ya=\dimen168
\pgf@xb=\dimen169
\pgf@yb=\dimen170
\pgf@xc=\dimen171
\pgf@yc=\dimen172
\pgf@xd=\dimen173
\pgf@yd=\dimen174
\w@pgf@writea=\write3
\r@pgf@reada=\read3
\c@pgf@counta=\count198
\c@pgf@countb=\count199
\c@pgf@countc=\count266
\c@pgf@countd=\count267
\t@pgf@toka=\toks30
\t@pgf@tokb=\toks31
\t@pgf@tokc=\toks32
\pgf@sys@id@count=\count268

(/usr/local/texlive/2020basic/texmf-dist/tex/generic/pgf/systemlayer/pgf.cfg
File: pgf.cfg 2020/01/08 v3.1.5b (3.1.5b)
)
Driver file for pgf: pgfsys-pdftex.def

(/usr/local/texlive/2020basic/texmf-dist/tex/generic/pgf/systemlayer/pgfsys-pdf
tex.def
File: pgfsys-pdftex.def 2020/01/08 v3.1.5b (3.1.5b)

(/usr/local/texlive/2020basic/texmf-dist/tex/generic/pgf/systemlayer/pgfsys-com
mon-pdf.def
File: pgfsys-common-pdf.def 2020/01/08 v3.1.5b (3.1.5b)
)))
(/usr/local/texlive/2020basic/texmf-dist/tex/generic/pgf/systemlayer/pgfsyssoft
path.code.tex
File: pgfsyssoftpath.code.tex 2020/01/08 v3.1.5b (3.1.5b)
\pgfsyssoftpath@smallbuffer@items=\count269
\pgfsyssoftpath@bigbuffer@items=\count270
)
(/usr/local/texlive/2020basic/texmf-dist/tex/generic/pgf/systemlayer/pgfsysprot
ocol.code.tex
File: pgfsysprotocol.code.tex 2020/01/08 v3.1.5b (3.1.5b)
))
(/usr/local/texlive/2020basic/texmf-dist/tex/latex/xcolor/xcolor.sty
Package: xcolor 2016/05/11 v2.12 LaTeX color extensions (UK)

(/usr/local/texlive/2020basic/texmf-dist/tex/latex/graphics-cfg/color.cfg
File: color.cfg 2016/01/02 v1.6 sample color configuration
)
Package xcolor Info: Driver file: pdftex.def on input line 225.
Package xcolor Info: Model `cmy' substituted by `cmy0' on input line 1348.
Package xcolor Info: Model `hsb' substituted by `rgb' on input line 1352.
Package xcolor Info: Model `RGB' extended on input line 1364.
Package xcolor Info: Model `HTML' substituted by `rgb' on input line 1366.
Package xcolor Info: Model `Hsb' substituted by `hsb' on input line 1367.
Package xcolor Info: Model `tHsb' substituted by `hsb' on input line 1368.
Package xcolor Info: Model `HSB' substituted by `hsb' on input line 1369.
Package xcolor Info: Model `Gray' substituted by `gray' on input line 1370.
Package xcolor Info: Model `wave' substituted by `hsb' on input line 1371.
)
(/usr/local/texlive/2020basic/texmf-dist/tex/generic/pgf/basiclayer/pgfcore.cod
e.tex
Package: pgfcore 2020/01/08 v3.1.5b (3.1.5b)

(/usr/local/texlive/2020basic/texmf-dist/tex/generic/pgf/math/pgfmath.code.tex
(/usr/local/texlive/2020basic/texmf-dist/tex/generic/pgf/math/pgfmathcalc.code.
tex
(/usr/local/texlive/2020basic/texmf-dist/tex/generic/pgf/math/pgfmathutil.code.
tex)
(/usr/local/texlive/2020basic/texmf-dist/tex/generic/pgf/math/pgfmathparser.cod
e.tex
\pgfmath@dimen=\dimen175
\pgfmath@count=\count271
\pgfmath@box=\box53
\pgfmath@toks=\toks33
\pgfmath@stack@operand=\toks34
\pgfmath@stack@operation=\toks35
)
(/usr/local/texlive/2020basic/texmf-dist/tex/generic/pgf/math/pgfmathfunctions.
code.tex
(/usr/local/texlive/2020basic/texmf-dist/tex/generic/pgf/math/pgfmathfunctions.
basic.code.tex)
(/usr/local/texlive/2020basic/texmf-dist/tex/generic/pgf/math/pgfmathfunctions.
trigonometric.code.tex)
(/usr/local/texlive/2020basic/texmf-dist/tex/generic/pgf/math/pgfmathfunctions.
random.code.tex)
(/usr/local/texlive/2020basic/texmf-dist/tex/generic/pgf/math/pgfmathfunctions.
comparison.code.tex)
(/usr/local/texlive/2020basic/texmf-dist/tex/generic/pgf/math/pgfmathfunctions.
base.code.tex)
(/usr/local/texlive/2020basic/texmf-dist/tex/generic/pgf/math/pgfmathfunctions.
round.code.tex)
(/usr/local/texlive/2020basic/texmf-dist/tex/generic/pgf/math/pgfmathfunctions.
misc.code.tex)
(/usr/local/texlive/2020basic/texmf-dist/tex/generic/pgf/math/pgfmathfunctions.
integerarithmetics.code.tex)))
(/usr/local/texlive/2020basic/texmf-dist/tex/generic/pgf/math/pgfmathfloat.code
.tex
\c@pgfmathroundto@lastzeros=\count272
))
(/usr/local/texlive/2020basic/texmf-dist/tex/generic/pgf/math/pgfint.code.tex)
(/usr/local/texlive/2020basic/texmf-dist/tex/generic/pgf/basiclayer/pgfcorepoin
ts.code.tex
File: pgfcorepoints.code.tex 2020/01/08 v3.1.5b (3.1.5b)
\pgf@picminx=\dimen176
\pgf@picmaxx=\dimen177
\pgf@picminy=\dimen178
\pgf@picmaxy=\dimen179
\pgf@pathminx=\dimen180
\pgf@pathmaxx=\dimen181
\pgf@pathminy=\dimen182
\pgf@pathmaxy=\dimen183
\pgf@xx=\dimen184
\pgf@xy=\dimen185
\pgf@yx=\dimen186
\pgf@yy=\dimen187
\pgf@zx=\dimen188
\pgf@zy=\dimen189
)
(/usr/local/texlive/2020basic/texmf-dist/tex/generic/pgf/basiclayer/pgfcorepath
construct.code.tex
File: pgfcorepathconstruct.code.tex 2020/01/08 v3.1.5b (3.1.5b)
\pgf@path@lastx=\dimen190
\pgf@path@lasty=\dimen191
)
(/usr/local/texlive/2020basic/texmf-dist/tex/generic/pgf/basiclayer/pgfcorepath
usage.code.tex
File: pgfcorepathusage.code.tex 2020/01/08 v3.1.5b (3.1.5b)
\pgf@shorten@end@additional=\dimen192
\pgf@shorten@start@additional=\dimen193
)
(/usr/local/texlive/2020basic/texmf-dist/tex/generic/pgf/basiclayer/pgfcorescop
es.code.tex
File: pgfcorescopes.code.tex 2020/01/08 v3.1.5b (3.1.5b)
\pgfpic=\box54
\pgf@hbox=\box55
\pgf@layerbox@main=\box56
\pgf@picture@serial@count=\count273
)
(/usr/local/texlive/2020basic/texmf-dist/tex/generic/pgf/basiclayer/pgfcoregrap
hicstate.code.tex
File: pgfcoregraphicstate.code.tex 2020/01/08 v3.1.5b (3.1.5b)
\pgflinewidth=\dimen194
)
(/usr/local/texlive/2020basic/texmf-dist/tex/generic/pgf/basiclayer/pgfcoretran
sformations.code.tex
File: pgfcoretransformations.code.tex 2020/01/08 v3.1.5b (3.1.5b)
\pgf@pt@x=\dimen195
\pgf@pt@y=\dimen196
\pgf@pt@temp=\dimen197
)
(/usr/local/texlive/2020basic/texmf-dist/tex/generic/pgf/basiclayer/pgfcorequic
k.code.tex
File: pgfcorequick.code.tex 2020/01/08 v3.1.5b (3.1.5b)
)
(/usr/local/texlive/2020basic/texmf-dist/tex/generic/pgf/basiclayer/pgfcoreobje
cts.code.tex
File: pgfcoreobjects.code.tex 2020/01/08 v3.1.5b (3.1.5b)
)
(/usr/local/texlive/2020basic/texmf-dist/tex/generic/pgf/basiclayer/pgfcorepath
processing.code.tex
File: pgfcorepathprocessing.code.tex 2020/01/08 v3.1.5b (3.1.5b)
)
(/usr/local/texlive/2020basic/texmf-dist/tex/generic/pgf/basiclayer/pgfcorearro
ws.code.tex
File: pgfcorearrows.code.tex 2020/01/08 v3.1.5b (3.1.5b)
\pgfarrowsep=\dimen198
)
(/usr/local/texlive/2020basic/texmf-dist/tex/generic/pgf/basiclayer/pgfcoreshad
e.code.tex
File: pgfcoreshade.code.tex 2020/01/08 v3.1.5b (3.1.5b)
\pgf@max=\dimen199
\pgf@sys@shading@range@num=\count274
\pgf@shadingcount=\count275
)
(/usr/local/texlive/2020basic/texmf-dist/tex/generic/pgf/basiclayer/pgfcoreimag
e.code.tex
File: pgfcoreimage.code.tex 2020/01/08 v3.1.5b (3.1.5b)

(/usr/local/texlive/2020basic/texmf-dist/tex/generic/pgf/basiclayer/pgfcoreexte
rnal.code.tex
File: pgfcoreexternal.code.tex 2020/01/08 v3.1.5b (3.1.5b)
\pgfexternal@startupbox=\box57
))
(/usr/local/texlive/2020basic/texmf-dist/tex/generic/pgf/basiclayer/pgfcorelaye
rs.code.tex
File: pgfcorelayers.code.tex 2020/01/08 v3.1.5b (3.1.5b)
)
(/usr/local/texlive/2020basic/texmf-dist/tex/generic/pgf/basiclayer/pgfcoretran
sparency.code.tex
File: pgfcoretransparency.code.tex 2020/01/08 v3.1.5b (3.1.5b)
)
(/usr/local/texlive/2020basic/texmf-dist/tex/generic/pgf/basiclayer/pgfcorepatt
erns.code.tex
File: pgfcorepatterns.code.tex 2020/01/08 v3.1.5b (3.1.5b)
)
(/usr/local/texlive/2020basic/texmf-dist/tex/generic/pgf/basiclayer/pgfcorerdf.
code.tex
File: pgfcorerdf.code.tex 2020/01/08 v3.1.5b (3.1.5b)
)))
(/usr/local/texlive/2020basic/texmf-dist/tex/generic/pgf/modules/pgfmoduleshape
s.code.tex
File: pgfmoduleshapes.code.tex 2020/01/08 v3.1.5b (3.1.5b)
\pgfnodeparttextbox=\box58
)
(/usr/local/texlive/2020basic/texmf-dist/tex/generic/pgf/modules/pgfmoduleplot.
code.tex
File: pgfmoduleplot.code.tex 2020/01/08 v3.1.5b (3.1.5b)
)
(/usr/local/texlive/2020basic/texmf-dist/tex/latex/pgf/compatibility/pgfcomp-ve
rsion-0-65.sty
Package: pgfcomp-version-0-65 2020/01/08 v3.1.5b (3.1.5b)
\pgf@nodesepstart=\dimen256
\pgf@nodesepend=\dimen257
)
(/usr/local/texlive/2020basic/texmf-dist/tex/latex/pgf/compatibility/pgfcomp-ve
rsion-1-18.sty
Package: pgfcomp-version-1-18 2020/01/08 v3.1.5b (3.1.5b)
))
(/usr/local/texlive/2020basic/texmf-dist/tex/latex/pgf/utilities/pgffor.sty
(/usr/local/texlive/2020basic/texmf-dist/tex/latex/pgf/utilities/pgfkeys.sty
(/usr/local/texlive/2020basic/texmf-dist/tex/generic/pgf/utilities/pgfkeys.code
.tex)) (/usr/local/texlive/2020basic/texmf-dist/tex/latex/pgf/math/pgfmath.sty
(/usr/local/texlive/2020basic/texmf-dist/tex/generic/pgf/math/pgfmath.code.tex)
)
(/usr/local/texlive/2020basic/texmf-dist/tex/generic/pgf/utilities/pgffor.code.
tex
Package: pgffor 2020/01/08 v3.1.5b (3.1.5b)

(/usr/local/texlive/2020basic/texmf-dist/tex/generic/pgf/math/pgfmath.code.tex)
\pgffor@iter=\dimen258
\pgffor@skip=\dimen259
\pgffor@stack=\toks36
\pgffor@toks=\toks37
))
(/usr/local/texlive/2020basic/texmf-dist/tex/generic/pgf/frontendlayer/tikz/tik
z.code.tex
Package: tikz 2020/01/08 v3.1.5b (3.1.5b)

(/usr/local/texlive/2020basic/texmf-dist/tex/generic/pgf/libraries/pgflibrarypl
othandlers.code.tex
File: pgflibraryplothandlers.code.tex 2020/01/08 v3.1.5b (3.1.5b)
\pgf@plot@mark@count=\count276
\pgfplotmarksize=\dimen260
)
\tikz@lastx=\dimen261
\tikz@lasty=\dimen262
\tikz@lastxsaved=\dimen263
\tikz@lastysaved=\dimen264
\tikz@lastmovetox=\dimen265
\tikz@lastmovetoy=\dimen266
\tikzleveldistance=\dimen267
\tikzsiblingdistance=\dimen268
\tikz@figbox=\box59
\tikz@figbox@bg=\box60
\tikz@tempbox=\box61
\tikz@tempbox@bg=\box62
\tikztreelevel=\count277
\tikznumberofchildren=\count278
\tikznumberofcurrentchild=\count279
\tikz@fig@count=\count280

(/usr/local/texlive/2020basic/texmf-dist/tex/generic/pgf/modules/pgfmodulematri
x.code.tex
File: pgfmodulematrix.code.tex 2020/01/08 v3.1.5b (3.1.5b)
\pgfmatrixcurrentrow=\count281
\pgfmatrixcurrentcolumn=\count282
\pgf@matrix@numberofcolumns=\count283
)
\tikz@expandcount=\count284

(/usr/local/texlive/2020basic/texmf-dist/tex/generic/pgf/frontendlayer/tikz/lib
raries/tikzlibrarytopaths.code.tex
File: tikzlibrarytopaths.code.tex 2020/01/08 v3.1.5b (3.1.5b)
)))
(/usr/local/texlive/2020basic/texmf-dist/tex/generic/pgf/frontendlayer/tikz/lib
raries/tikzlibraryshapes.geometric.code.tex
File: tikzlibraryshapes.geometric.code.tex 2020/01/08 v3.1.5b (3.1.5b)

(/usr/local/texlive/2020basic/texmf-dist/tex/generic/pgf/libraries/shapes/pgfli
braryshapes.geometric.code.tex
File: pgflibraryshapes.geometric.code.tex 2020/01/08 v3.1.5b (3.1.5b)
))
(/usr/local/texlive/2020basic/texmf-dist/tex/generic/pgf/frontendlayer/tikz/lib
raries/tikzlibraryarrows.code.tex
File: tikzlibraryarrows.code.tex 2020/01/08 v3.1.5b (3.1.5b)

(/usr/local/texlive/2020basic/texmf-dist/tex/generic/pgf/libraries/pgflibraryar
rows.code.tex
File: pgflibraryarrows.code.tex 2020/01/08 v3.1.5b (3.1.5b)
\arrowsize=\dimen269
))
(/usr/local/texlive/2020basic/texmf-dist/tex/latex/l3backend/l3backend-pdfmode.
def
File: l3backend-pdfmode.def 2020-03-12 L3 backend support: PDF mode
\l__kernel_color_stack_int=\count285
\l__pdf_internal_box=\box63
) (./main.aux (./cover.aux) (./contents.aux) (./chap1.aux) (./chap2.aux)
(./chap3.aux

LaTeX Warning: Label `Interaction' multiply defined.

) (./chap4.aux

LaTeX Warning: Label `Interaction' multiply defined.


LaTeX Warning: Label `' multiply defined.


LaTeX Warning: Label `' multiply defined.


LaTeX Warning: Label `' multiply defined.


LaTeX Warning: Label `Vacuum-constrained WIMPs' multiply defined.


LaTeX Warning: Label `Vacuum-constrained WIMPs' multiply defined.


LaTeX Warning: Label `Vacuum-constrained WIMPs' multiply defined.

) (./chap5.aux

LaTeX Warning: Label `Interaction_1' multiply defined.


LaTeX Warning: Label `Interaction count modification' multiply defined.


LaTeX Warning: Label `Interaction count modification' multiply defined.


LaTeX Warning: Label `' multiply defined.


LaTeX Warning: Label `Interaction count modification' multiply defined.


LaTeX Warning: Label `' multiply defined.

) (./chap6.aux) (./appa.aux) (./appb.aux) (./biblio.aux))
\openout1 = `main.aux'.

LaTeX Font Info:    Checking defaults for OML/cmm/m/it on input line 76.
LaTeX Font Info:    ... okay on input line 76.
LaTeX Font Info:    Checking defaults for OMS/cmsy/m/n on input line 76.
LaTeX Font Info:    ... okay on input line 76.
LaTeX Font Info:    Checking defaults for OT1/cmr/m/n on input line 76.
LaTeX Font Info:    ... okay on input line 76.
LaTeX Font Info:    Checking defaults for T1/cmr/m/n on input line 76.
LaTeX Font Info:    ... okay on input line 76.
LaTeX Font Info:    Checking defaults for TS1/cmr/m/n on input line 76.
LaTeX Font Info:    ... okay on input line 76.
LaTeX Font Info:    Checking defaults for OMX/cmex/m/n on input line 76.
LaTeX Font Info:    ... okay on input line 76.
LaTeX Font Info:    Checking defaults for U/cmr/m/n on input line 76.
LaTeX Font Info:    ... okay on input line 76.

*geometry* driver: auto-detecting
*geometry* detected driver: pdftex
*geometry* verbose mode - [ preamble ] result:
* driver: pdftex
* paper: a4paper
* layout: <same size as paper>
* layoutoffset:(h,v)=(0.0pt,0.0pt)
* modes: twoside 
* h-part:(L,W,R)=(85.35826pt, 455.24411pt, 56.9055pt)
* v-part:(T,H,B)=(71.13188pt, 702.78308pt, 71.13188pt)
* \paperwidth=597.50787pt
* \paperheight=845.04684pt
* \textwidth=455.24411pt
* \textheight=702.78308pt
* \oddsidemargin=13.08827pt
* \evensidemargin=-15.36449pt
* \topmargin=-38.1381pt
* \headheight=12.0pt
* \headsep=25.0pt
* \topskip=12.0pt
* \footskip=30.0pt
* \marginparwidth=95.0pt
* \marginparsep=10.0pt
* \columnsep=10.0pt
* \skip\footins=10.8pt plus 4.0pt minus 2.0pt
* \hoffset=0.0pt
* \voffset=0.0pt
* \mag=1000
* \@twocolumnfalse
* \@twosidetrue
* \@mparswitchtrue
* \@reversemarginfalse
* (1in=72.27pt=25.4mm, 1cm=28.453pt)

Package caption Info: Begin \AtBeginDocument code.
Package caption Info: End \AtBeginDocument code.
ABD: EveryShipout initializing macros
(/usr/local/texlive/2020basic/texmf-dist/tex/context/base/mkii/supp-pdf.mkii
[Loading MPS to PDF converter (version 2006.09.02).]
\scratchcounter=\count286
\scratchdimen=\dimen270
\scratchbox=\box64
\nofMPsegments=\count287
\nofMParguments=\count288
\everyMPshowfont=\toks38
\MPscratchCnt=\count289
\MPscratchDim=\dimen271
\MPnumerator=\count290
\makeMPintoPDFobject=\count291
\everyMPtoPDFconversion=\toks39
)
(/usr/local/texlive/2020basic/texmf-dist/tex/latex/epstopdf-pkg/epstopdf-base.s
ty
Package: epstopdf-base 2020-01-24 v2.11 Base part for package epstopdf
Package epstopdf-base Info: Redefining graphics rule for `.eps' on input line 4
85.

(/usr/local/texlive/2020basic/texmf-dist/tex/latex/latexconfig/epstopdf-sys.cfg
File: epstopdf-sys.cfg 2010/07/13 v1.3 Configuration of (r)epstopdf for TeX Liv
e
))
\openout2 = `cover.aux'.

 (./cover.tex [1



{/usr/local/texlive/2020basic/texmf-var/fonts/map/pdftex/updmap/pdftex.map}] [2

] (./abstract.tex) [3

] [4

]) [5]
\openout2 = `contents.aux'.

 (./contents.tex [6



]
(./main.toc<<ot1.cmap>> [7])
\tf@toc=\write4
\openout4 = `main.toc'.

 [8] (./main.lof

./main.lof:7: Package inputenc Error: Unicode character χ (U+03C7)
(inputenc)                not set up for use with LaTeX.

See the inputenc package documentation for explanation.
Type  H <return>  for immediate help.
 ...                                              
                                                  
l.7 ... by the binned Poisson method.\relax }}{27}
                                                  %
? 

./main.lof:7: Package inputenc Error: Unicode character χ (U+03C7)
(inputenc)                not set up for use with LaTeX.

See the inputenc package documentation for explanation.
Type  H <return>  for immediate help.
 ...                                              
                                                  
l.7 ... by the binned Poisson method.\relax }}{27}
                                                  %
? 
)
\tf@lof=\write5
\openout5 = `main.lof'.

 [9

] [10] (./main.lot)
\tf@lot=\write6
\openout6 = `main.lot'.

) [11

]
\openout2 = `chap1.aux'.

 (./chap1.tex [12



]
Chapter 1.

Underfull \hbox (badness 10000) in paragraph at lines 10--12

 []


Underfull \hbox (badness 10000) in paragraph at lines 13--14

 []


Underfull \hbox (badness 10000) in paragraph at lines 15--16

 []

) [13]
\openout2 = `chap2.aux'.


No file chap2.tex.
\openout2 = `chap3.aux'.

(./chap3.tex [14





]
Chapter 2.

Underfull \hbox (badness 10000) in paragraph at lines 12--13

 []

</Users/yehchihhsiang/Desktop/Analysis/CDEX_Analysis_method/Codes/Thesis_Plot/M
Lshells_Subtraction/Resolution_Plot1.pdf, id=62, 569.12625pt x 445.665pt>
File: /Users/yehchihhsiang/Desktop/Analysis/CDEX_Analysis_method/Codes/Thesis_P
lot/MLshells_Subtraction/Resolution_Plot1.pdf Graphic file (type pdf)
<use /Users/yehchihhsiang/Desktop/Analysis/CDEX_Analysis_method/Codes/Thesis_Pl
ot/MLshells_Subtraction/Resolution_Plot1.pdf>
Package pdftex.def Info: /Users/yehchihhsiang/Desktop/Analysis/CDEX_Analysis_me
thod/Codes/Thesis_Plot/MLshells_Subtraction/Resolution_Plot1.pdf  used on input
 line 15.
(pdftex.def)             Requested size: 341.47838pt x 267.40106pt.

LaTeX Warning: `h' float specifier changed to `ht'.


Underfull \hbox (badness 10000) in paragraph at lines 20--21

 []

</Users/yehchihhsiang/Desktop/Analysis/CDEX_Analysis_method/Codes/Thesis_Plot/M
Lshells_Subtraction/Resolution_Plot2.pdf, id=63, 569.12625pt x 445.665pt>
File: /Users/yehchihhsiang/Desktop/Analysis/CDEX_Analysis_method/Codes/Thesis_P
lot/MLshells_Subtraction/Resolution_Plot2.pdf Graphic file (type pdf)
<use /Users/yehchihhsiang/Desktop/Analysis/CDEX_Analysis_method/Codes/Thesis_Pl
ot/MLshells_Subtraction/Resolution_Plot2.pdf>
Package pdftex.def Info: /Users/yehchihhsiang/Desktop/Analysis/CDEX_Analysis_me
thod/Codes/Thesis_Plot/MLshells_Subtraction/Resolution_Plot2.pdf  used on input
 line 28.
(pdftex.def)             Requested size: 341.47838pt x 267.40106pt.
[15]

LaTeX Warning: `h' float specifier changed to `ht'.

[16 </Users/yehchihhsiang/Desktop/Analysis/CDEX_Analysis_method/Codes/Thesis_Pl
ot/MLshells_Subtraction/Resolution_Plot1.pdf, page is rotated 90 degrees>])
[17 </Users/yehchihhsiang/Desktop/Analysis/CDEX_Analysis_method/Codes/Thesis_Pl
ot/MLshells_Subtraction/Resolution_Plot2.pdf, page is rotated 90 degrees>]
\openout2 = `chap4.aux'.


(./chap4.tex [18



]
Chapter 3.

Underfull \hbox (badness 10000) in paragraph at lines 11--12

 []

[19]
Underfull \hbox (badness 10000) in paragraph at lines 37--38

 []

[20]
Underfull \hbox (badness 10000) in paragraph at lines 39--40

 []


Underfull \hbox (badness 10000) in paragraph at lines 41--42

 []


Underfull \vbox (badness 10000) has occurred while \output is active []

 [21]
[22]
./chap4.tex:89: Display math should end with $$.
<to be read again> 
                    
l.89 ...quiv \frac{M_{n}M_{\chi}}{M_{n}+M_{\chi}}$
                                                  
? 

./chap4.tex:90: LaTeX Error: Bad math environment delimiter.

See the LaTeX manual or LaTeX Companion for explanation.
Type  H <return>  for immediate help.
 ...                                              
                                                  
l.90 \end{equation}
                   
? 
./chap4.tex:90: You can't use `\eqno' in horizontal mode.
\endmathdisplay@a ...\df@tag \@empty \else \veqno 
                                                  \alt@tag \df@tag \fi \ifx ...
l.90 \end{equation}
                   
? 
./chap4.tex:90: Missing $ inserted.
<inserted text> 
                $
l.90 \end{equation}
                   
? 
./chap4.tex:90: Display math should end with $$.
<to be read again> 
                   \endgroup 
l.90 \end{equation}
                   
? 
./chap4.tex:99: Extra }, or forgotten $.
l.99 ...{R}} = N_{T} \frac{\rho_{\chi}}{m_{\chi}}}
                                                   \int d^{3}\vec{v}vf_{v}(\...

? 
[23]
./chap4.tex:105: Extra }, or forgotten $.
l.105 ...R}} = N_{T} \frac{\rho_{\chi}}{m_{\chi}}}
                                                   \int d^{3}\vec{v}vf_{v}(\...

? 
./chap4.tex:109: Extra }, or forgotten $.
l.109 ..._{qe}(nl \rightarrow (E_{EM} - E_{nl} ))}
                                                  
? 
./chap4.tex:115: Missing $ inserted.
<inserted text> 
                $
l.115 
      
? 
./chap4.tex:115: Missing } inserted.
<inserted text> 
                }
l.115 
      
? 
./chap4.tex:115: Extra }, or forgotten \endgroup.
\@par ... \@noitemerr {\@@par }\fi \else {\@@par }
                                                  \fi 
l.115 
      
? 
./chap4.tex:118: Extra }, or forgotten $.
l.118 ...R}} = N_{T} \frac{\rho_{\chi}}{m_{\chi}}}
                                                   \int d^{3}\vec{v}vf_{v}(\...

? 

Underfull \hbox (badness 10000) in paragraph at lines 122--123

 []


Underfull \hbox (badness 10000) in paragraph at lines 128--129

 []

[24]
Underfull \hbox (badness 10000) in paragraph at lines 130--131

 []


Underfull \hbox (badness 10000) in paragraph at lines 135--136

 []


Underfull \hbox (badness 10000) in paragraph at lines 137--138

 []

[25]
Underfull \hbox (badness 10000) in paragraph at lines 142--143

 []

</Users/yehchihhsiang/Desktop/Analysis/CDEX_Analysis_method/Codes/Thesis_Plot/L
ower_Limit_Plot.png, id=192, 643.40375pt x 446.66875pt>
File: /Users/yehchihhsiang/Desktop/Analysis/CDEX_Analysis_method/Codes/Thesis_P
lot/Lower_Limit_Plot.png Graphic file (type png)
<use /Users/yehchihhsiang/Desktop/Analysis/CDEX_Analysis_method/Codes/Thesis_Pl
ot/Lower_Limit_Plot.png>
Package pdftex.def Info: /Users/yehchihhsiang/Desktop/Analysis/CDEX_Analysis_me
thod/Codes/Thesis_Plot/Lower_Limit_Plot.png  used on input line 149.
(pdftex.def)             Requested size: 321.70108pt x 223.33382pt.

./chap4.tex:151: Package inputenc Error: Unicode character χ (U+03C7)
(inputenc)                not set up for use with LaTeX.

See the inputenc package documentation for explanation.
Type  H <return>  for immediate help.
 ...                                              
                                                  
l.151 ...l, derived by the binned Poisson method.}
                                                   \label{Vacuum-constrained...

? 

./chap4.tex:151: Package inputenc Error: Unicode character χ (U+03C7)
(inputenc)                not set up for use with LaTeX.

See the inputenc package documentation for explanation.
Type  H <return>  for immediate help.
 ...                                              
                                                  
l.151 ...l, derived by the binned Poisson method.}
                                                   \label{Vacuum-constrained...

? 

./chap4.tex:151: Package inputenc Error: Unicode character χ (U+03C7)
(inputenc)                not set up for use with LaTeX.

See the inputenc package documentation for explanation.
Type  H <return>  for immediate help.
 ...                                              
                                                  
l.151 ...l, derived by the binned Poisson method.}
                                                   \label{Vacuum-constrained...

? 

./chap4.tex:151: Package inputenc Error: Unicode character χ (U+03C7)
(inputenc)                not set up for use with LaTeX.

See the inputenc package documentation for explanation.
Type  H <return>  for immediate help.
 ...                                              
                                                  
l.151 ...l, derived by the binned Poisson method.}
                                                   \label{Vacuum-constrained...

? 

LaTeX Warning: `h' float specifier changed to `ht'.


Underfull \hbox (badness 10000) in paragraph at lines 154--155

 []

[26] [27 </Users/yehchihhsiang/Desktop/Analysis/CDEX_Analysis_method/Codes/Thes
is_Plot/Lower_Limit_Plot.png>] [28

]
Chapter 4.

Underfull \hbox (badness 10000) in paragraph at lines 164--165

 []


./chap4.tex:183: LaTeX Error: Something's wrong--perhaps a missing \item.

See the LaTeX manual or LaTeX Companion for explanation.
Type  H <return>  for immediate help.
 ...                                              
                                                  
l.183 ...th}$ $\rightarrow$ $N_{Shielding}$}(Loop)
                                                  ;
? 

Overfull \hbox (41.18565pt too wide) in paragraph at lines 192--193
 [] 
 []


Underfull \hbox (badness 10000) in paragraph at lines 218--219

 []


Underfull \hbox (badness 10000) in paragraph at lines 219--220

 []


Underfull \hbox (badness 10000) in paragraph at lines 223--229

 []

[29] [30]
Underfull \hbox (badness 10000) in paragraph at lines 244--245

 []


Underfull \hbox (badness 10000) in paragraph at lines 251--252

 []

[31]
Underfull \hbox (badness 10000) in paragraph at lines 262--263

 []


Underfull \hbox (badness 10000) in paragraph at lines 265--266

 []


Underfull \hbox (badness 10000) in paragraph at lines 267--268

 []


Underfull \hbox (badness 10000) in paragraph at lines 269--270

 []


LaTeX Warning: No positions in optional float specifier.
               Default added (so using `tbp') on input line 271.

./chap4.tex:275: Undefined control sequence.
l.275 \subcaptionbox
                    {(a)}{\includegraphics[width=0.4\columnwidth]{/Users/yeh...

? 
</Users/yehchihhsiang/Desktop/Analysis/CDEX_Analysis_method/Codes/Thesis_Plot/T
he_Basic_Flux/1_Used.pdf, id=214, 569.12625pt x 387.4475pt>
File: /Users/yehchihhsiang/Desktop/Analysis/CDEX_Analysis_method/Codes/Thesis_P
lot/The_Basic_Flux/1_Used.pdf Graphic file (type pdf)
<use /Users/yehchihhsiang/Desktop/Analysis/CDEX_Analysis_method/Codes/Thesis_Pl
ot/The_Basic_Flux/1_Used.pdf>
Package pdftex.def Info: /Users/yehchihhsiang/Desktop/Analysis/CDEX_Analysis_me
thod/Codes/Thesis_Plot/The_Basic_Flux/1_Used.pdf  used on input line 275.
(pdftex.def)             Requested size: 182.09486pt x 123.96799pt.
./chap4.tex:276: Undefined control sequence.
l.276 \subcaptionbox
                    {(b)}{\includegraphics[width=0.4\columnwidth]{/Users/yeh...

? 
File: /Users/yehchihhsiang/Desktop/Analysis/CDEX_Analysis_method/Codes/Thesis_P
lot/The_Basic_Flux/1_Used.pdf Graphic file (type pdf)
<use /Users/yehchihhsiang/Desktop/Analysis/CDEX_Analysis_method/Codes/Thesis_Pl
ot/The_Basic_Flux/1_Used.pdf>
Package pdftex.def Info: /Users/yehchihhsiang/Desktop/Analysis/CDEX_Analysis_me
thod/Codes/Thesis_Plot/The_Basic_Flux/1_Used.pdf  used on input line 276.
(pdftex.def)             Requested size: 182.09486pt x 123.96799pt.
./chap4.tex:277: Undefined control sequence.
l.277 \subcaptionbox
                    {(a)}{\includegraphics[width=0.4\columnwidth]{/Users/yeh...

? 
File: /Users/yehchihhsiang/Desktop/Analysis/CDEX_Analysis_method/Codes/Thesis_P
lot/The_Basic_Flux/1_Used.pdf Graphic file (type pdf)
<use /Users/yehchihhsiang/Desktop/Analysis/CDEX_Analysis_method/Codes/Thesis_Pl
ot/The_Basic_Flux/1_Used.pdf>
Package pdftex.def Info: /Users/yehchihhsiang/Desktop/Analysis/CDEX_Analysis_me
thod/Codes/Thesis_Plot/The_Basic_Flux/1_Used.pdf  used on input line 277.
(pdftex.def)             Requested size: 182.09486pt x 123.96799pt.
./chap4.tex:278: Undefined control sequence.
l.278 \subcaptionbox
                    {(b)}{\includegraphics[width=0.4\columnwidth]{/Users/yeh...

? 
File: /Users/yehchihhsiang/Desktop/Analysis/CDEX_Analysis_method/Codes/Thesis_P
lot/The_Basic_Flux/1_Used.pdf Graphic file (type pdf)
<use /Users/yehchihhsiang/Desktop/Analysis/CDEX_Analysis_method/Codes/Thesis_Pl
ot/The_Basic_Flux/1_Used.pdf>
Package pdftex.def Info: /Users/yehchihhsiang/Desktop/Analysis/CDEX_Analysis_me
thod/Codes/Thesis_Plot/The_Basic_Flux/1_Used.pdf  used on input line 278.
(pdftex.def)             Requested size: 182.09486pt x 123.96799pt.
./chap4.tex:279: Undefined control sequence.
l.279 \subcaptionbox
                    {(a)}{\includegraphics[width=0.4\columnwidth]{/Users/yeh...

? 
File: /Users/yehchihhsiang/Desktop/Analysis/CDEX_Analysis_method/Codes/Thesis_P
lot/The_Basic_Flux/1_Used.pdf Graphic file (type pdf)
<use /Users/yehchihhsiang/Desktop/Analysis/CDEX_Analysis_method/Codes/Thesis_Pl
ot/The_Basic_Flux/1_Used.pdf>
Package pdftex.def Info: /Users/yehchihhsiang/Desktop/Analysis/CDEX_Analysis_me
thod/Codes/Thesis_Plot/The_Basic_Flux/1_Used.pdf  used on input line 279.
(pdftex.def)             Requested size: 182.09486pt x 123.96799pt.
./chap4.tex:280: Undefined control sequence.
l.280 \subcaptionbox
                    {(b)}{\includegraphics[width=0.4\columnwidth]{/Users/yeh...

? 
File: /Users/yehchihhsiang/Desktop/Analysis/CDEX_Analysis_method/Codes/Thesis_P
lot/The_Basic_Flux/1_Used.pdf Graphic file (type pdf)
<use /Users/yehchihhsiang/Desktop/Analysis/CDEX_Analysis_method/Codes/Thesis_Pl
ot/The_Basic_Flux/1_Used.pdf>
Package pdftex.def Info: /Users/yehchihhsiang/Desktop/Analysis/CDEX_Analysis_me
thod/Codes/Thesis_Plot/The_Basic_Flux/1_Used.pdf  used on input line 280.
(pdftex.def)             Requested size: 182.09486pt x 123.96799pt.
[32]

LaTeX Warning: No positions in optional float specifier.
               Default added (so using `tbp') on input line 292.

./chap4.tex:296: Undefined control sequence.
l.296 \subcaptionbox
                    {(a)}{\includegraphics[width=0.4\columnwidth]{/Users/yeh...

? 
</Users/yehchihhsiang/Desktop/Analysis/CDEX_Analysis_method/Codes/Thesis_Plot/R
ecoil_Spectrum/0P2GeV_MD_BR_1.pdf, id=219, 569.12625pt x 387.4475pt>
File: /Users/yehchihhsiang/Desktop/Analysis/CDEX_Analysis_method/Codes/Thesis_P
lot/Recoil_Spectrum/0P2GeV_MD_BR_1.pdf Graphic file (type pdf)
<use /Users/yehchihhsiang/Desktop/Analysis/CDEX_Analysis_method/Codes/Thesis_Pl
ot/Recoil_Spectrum/0P2GeV_MD_BR_1.pdf>
Package pdftex.def Info: /Users/yehchihhsiang/Desktop/Analysis/CDEX_Analysis_me
thod/Codes/Thesis_Plot/Recoil_Spectrum/0P2GeV_MD_BR_1.pdf  used on input line 2
96.
(pdftex.def)             Requested size: 182.09486pt x 123.96799pt.
./chap4.tex:297: Undefined control sequence.
l.297 \subcaptionbox
                    {(b)}{\includegraphics[width=0.4\columnwidth]{/Users/yeh...

? 
</Users/yehchihhsiang/Desktop/Analysis/CDEX_Analysis_method/Codes/Thesis_Plot/R
ecoil_Spectrum/0P2GeV_MD_BR_2.pdf, id=220, 569.12625pt x 387.4475pt>
File: /Users/yehchihhsiang/Desktop/Analysis/CDEX_Analysis_method/Codes/Thesis_P
lot/Recoil_Spectrum/0P2GeV_MD_BR_2.pdf Graphic file (type pdf)
<use /Users/yehchihhsiang/Desktop/Analysis/CDEX_Analysis_method/Codes/Thesis_Pl
ot/Recoil_Spectrum/0P2GeV_MD_BR_2.pdf>
Package pdftex.def Info: /Users/yehchihhsiang/Desktop/Analysis/CDEX_Analysis_me
thod/Codes/Thesis_Plot/Recoil_Spectrum/0P2GeV_MD_BR_2.pdf  used on input line 2
97.
(pdftex.def)             Requested size: 182.09486pt x 123.96799pt.
./chap4.tex:298: Undefined control sequence.
l.298 \subcaptionbox
                    {(b)}{\includegraphics[width=0.4\columnwidth]{/Users/yeh...

? 
</Users/yehchihhsiang/Desktop/Analysis/CDEX_Analysis_method/Codes/Thesis_Plot/R
ecoil_Spectrum/0P2GeV_MD_BR_3.pdf, id=221, 569.12625pt x 387.4475pt>
File: /Users/yehchihhsiang/Desktop/Analysis/CDEX_Analysis_method/Codes/Thesis_P
lot/Recoil_Spectrum/0P2GeV_MD_BR_3.pdf Graphic file (type pdf)
<use /Users/yehchihhsiang/Desktop/Analysis/CDEX_Analysis_method/Codes/Thesis_Pl
ot/Recoil_Spectrum/0P2GeV_MD_BR_3.pdf>
Package pdftex.def Info: /Users/yehchihhsiang/Desktop/Analysis/CDEX_Analysis_me
thod/Codes/Thesis_Plot/Recoil_Spectrum/0P2GeV_MD_BR_3.pdf  used on input line 2
98.
(pdftex.def)             Requested size: 182.09486pt x 123.96799pt.
./chap4.tex:299: Undefined control sequence.
l.299 \subcaptionbox
                    {(b)}{\includegraphics[width=0.4\columnwidth]{/Users/yeh...

? 
</Users/yehchihhsiang/Desktop/Analysis/CDEX_Analysis_method/Codes/Thesis_Plot/R
ecoil_Spectrum/0P2GeV_MD_BR_4.pdf, id=222, 569.12625pt x 387.4475pt>
File: /Users/yehchihhsiang/Desktop/Analysis/CDEX_Analysis_method/Codes/Thesis_P
lot/Recoil_Spectrum/0P2GeV_MD_BR_4.pdf Graphic file (type pdf)
<use /Users/yehchihhsiang/Desktop/Analysis/CDEX_Analysis_method/Codes/Thesis_Pl
ot/Recoil_Spectrum/0P2GeV_MD_BR_4.pdf>
Package pdftex.def Info: /Users/yehchihhsiang/Desktop/Analysis/CDEX_Analysis_me
thod/Codes/Thesis_Plot/Recoil_Spectrum/0P2GeV_MD_BR_4.pdf  used on input line 2
99.
(pdftex.def)             Requested size: 182.09486pt x 123.96799pt.
./chap4.tex:300: Undefined control sequence.
l.300 \subcaptionbox
                    {(b)}{\includegraphics[width=0.4\columnwidth]{/Users/yeh...

? 
File: /Users/yehchihhsiang/Desktop/Analysis/CDEX_Analysis_method/Codes/Thesis_P
lot/Recoil_Spectrum/0P2GeV_MD_BR_4.pdf Graphic file (type pdf)
<use /Users/yehchihhsiang/Desktop/Analysis/CDEX_Analysis_method/Codes/Thesis_Pl
ot/Recoil_Spectrum/0P2GeV_MD_BR_4.pdf>
Package pdftex.def Info: /Users/yehchihhsiang/Desktop/Analysis/CDEX_Analysis_me
thod/Codes/Thesis_Plot/Recoil_Spectrum/0P2GeV_MD_BR_4.pdf  used on input line 3
00.
(pdftex.def)             Requested size: 182.09486pt x 123.96799pt.
./chap4.tex:301: Undefined control sequence.
l.301 \subcaptionbox
                    {(b)}{\includegraphics[width=0.4\columnwidth]{/Users/yeh...

? 
File: /Users/yehchihhsiang/Desktop/Analysis/CDEX_Analysis_method/Codes/Thesis_P
lot/Recoil_Spectrum/0P2GeV_MD_BR_4.pdf Graphic file (type pdf)
<use /Users/yehchihhsiang/Desktop/Analysis/CDEX_Analysis_method/Codes/Thesis_Pl
ot/Recoil_Spectrum/0P2GeV_MD_BR_4.pdf>
Package pdftex.def Info: /Users/yehchihhsiang/Desktop/Analysis/CDEX_Analysis_me
thod/Codes/Thesis_Plot/Recoil_Spectrum/0P2GeV_MD_BR_4.pdf  used on input line 3
01.
(pdftex.def)             Requested size: 182.09486pt x 123.96799pt.
[33 </Users/yehchihhsiang/Desktop/Analysis/CDEX_Analysis_method/Codes/Thesis_Pl
ot/The_Basic_Flux/1_Used.pdf, page is rotated 90 degrees>]

LaTeX Warning: No positions in optional float specifier.
               Default added (so using `tbp') on input line 306.

./chap4.tex:310: Undefined control sequence.
l.310 \subcaptionbox
                    {(a)}{\includegraphics[width=0.4\columnwidth]{/Users/yeh...

? 
File: /Users/yehchihhsiang/Desktop/Analysis/CDEX_Analysis_method/Codes/Thesis_P
lot/Recoil_Spectrum/0P2GeV_MD_BR_1.pdf Graphic file (type pdf)
<use /Users/yehchihhsiang/Desktop/Analysis/CDEX_Analysis_method/Codes/Thesis_Pl
ot/Recoil_Spectrum/0P2GeV_MD_BR_1.pdf>
Package pdftex.def Info: /Users/yehchihhsiang/Desktop/Analysis/CDEX_Analysis_me
thod/Codes/Thesis_Plot/Recoil_Spectrum/0P2GeV_MD_BR_1.pdf  used on input line 3
10.
(pdftex.def)             Requested size: 182.09486pt x 123.96799pt.
./chap4.tex:311: Undefined control sequence.
l.311 \subcaptionbox
                    {(b)}{\includegraphics[width=0.4\columnwidth]{/Users/yeh...

? 
File: /Users/yehchihhsiang/Desktop/Analysis/CDEX_Analysis_method/Codes/Thesis_P
lot/Recoil_Spectrum/0P2GeV_MD_BR_1.pdf Graphic file (type pdf)
<use /Users/yehchihhsiang/Desktop/Analysis/CDEX_Analysis_method/Codes/Thesis_Pl
ot/Recoil_Spectrum/0P2GeV_MD_BR_1.pdf>
Package pdftex.def Info: /Users/yehchihhsiang/Desktop/Analysis/CDEX_Analysis_me
thod/Codes/Thesis_Plot/Recoil_Spectrum/0P2GeV_MD_BR_1.pdf  used on input line 3
11.
(pdftex.def)             Requested size: 182.09486pt x 123.96799pt.
./chap4.tex:312: Undefined control sequence.
l.312 \subcaptionbox
                    {(b)}{\includegraphics[width=0.4\columnwidth]{/Users/yeh...

? 
File: /Users/yehchihhsiang/Desktop/Analysis/CDEX_Analysis_method/Codes/Thesis_P
lot/Recoil_Spectrum/0P2GeV_MD_BR_1.pdf Graphic file (type pdf)
<use /Users/yehchihhsiang/Desktop/Analysis/CDEX_Analysis_method/Codes/Thesis_Pl
ot/Recoil_Spectrum/0P2GeV_MD_BR_1.pdf>
Package pdftex.def Info: /Users/yehchihhsiang/Desktop/Analysis/CDEX_Analysis_me
thod/Codes/Thesis_Plot/Recoil_Spectrum/0P2GeV_MD_BR_1.pdf  used on input line 3
12.
(pdftex.def)             Requested size: 182.09486pt x 123.96799pt.
./chap4.tex:313: Undefined control sequence.
l.313 \subcaptionbox
                    {(b)}{\includegraphics[width=0.4\columnwidth]{/Users/yeh...

? 
File: /Users/yehchihhsiang/Desktop/Analysis/CDEX_Analysis_method/Codes/Thesis_P
lot/Recoil_Spectrum/0P2GeV_MD_BR_1.pdf Graphic file (type pdf)
<use /Users/yehchihhsiang/Desktop/Analysis/CDEX_Analysis_method/Codes/Thesis_Pl
ot/Recoil_Spectrum/0P2GeV_MD_BR_1.pdf>
Package pdftex.def Info: /Users/yehchihhsiang/Desktop/Analysis/CDEX_Analysis_me
thod/Codes/Thesis_Plot/Recoil_Spectrum/0P2GeV_MD_BR_1.pdf  used on input line 3
13.
(pdftex.def)             Requested size: 182.09486pt x 123.96799pt.

LaTeX Warning: No positions in optional float specifier.
               Default added (so using `tbp') on input line 318.

./chap4.tex:322: Undefined control sequence.
l.322 \subcaptionbox
                    {(a)}{\includegraphics[width=0.4\columnwidth]{/Users/yeh...

? 
File: /Users/yehchihhsiang/Desktop/Analysis/CDEX_Analysis_method/Codes/Thesis_P
lot/Recoil_Spectrum/0P2GeV_MD_BR_1.pdf Graphic file (type pdf)
<use /Users/yehchihhsiang/Desktop/Analysis/CDEX_Analysis_method/Codes/Thesis_Pl
ot/Recoil_Spectrum/0P2GeV_MD_BR_1.pdf>
Package pdftex.def Info: /Users/yehchihhsiang/Desktop/Analysis/CDEX_Analysis_me
thod/Codes/Thesis_Plot/Recoil_Spectrum/0P2GeV_MD_BR_1.pdf  used on input line 3
22.
(pdftex.def)             Requested size: 182.09486pt x 123.96799pt.
./chap4.tex:323: Undefined control sequence.
l.323 \subcaptionbox
                    {(b)}{\includegraphics[width=0.4\columnwidth]{/Users/yeh...

? 
File: /Users/yehchihhsiang/Desktop/Analysis/CDEX_Analysis_method/Codes/Thesis_P
lot/Recoil_Spectrum/0P2GeV_MD_BR_1.pdf Graphic file (type pdf)
<use /Users/yehchihhsiang/Desktop/Analysis/CDEX_Analysis_method/Codes/Thesis_Pl
ot/Recoil_Spectrum/0P2GeV_MD_BR_1.pdf>
Package pdftex.def Info: /Users/yehchihhsiang/Desktop/Analysis/CDEX_Analysis_me
thod/Codes/Thesis_Plot/Recoil_Spectrum/0P2GeV_MD_BR_1.pdf  used on input line 3
23.
(pdftex.def)             Requested size: 182.09486pt x 123.96799pt.
./chap4.tex:324: Undefined control sequence.
l.324 \subcaptionbox
                    {(b)}{\includegraphics[width=0.4\columnwidth]{/Users/yeh...

? 
File: /Users/yehchihhsiang/Desktop/Analysis/CDEX_Analysis_method/Codes/Thesis_P
lot/Recoil_Spectrum/0P2GeV_MD_BR_1.pdf Graphic file (type pdf)
<use /Users/yehchihhsiang/Desktop/Analysis/CDEX_Analysis_method/Codes/Thesis_Pl
ot/Recoil_Spectrum/0P2GeV_MD_BR_1.pdf>
Package pdftex.def Info: /Users/yehchihhsiang/Desktop/Analysis/CDEX_Analysis_me
thod/Codes/Thesis_Plot/Recoil_Spectrum/0P2GeV_MD_BR_1.pdf  used on input line 3
24.
(pdftex.def)             Requested size: 182.09486pt x 123.96799pt.
./chap4.tex:325: Undefined control sequence.
l.325 \subcaptionbox
                    {(b)}{\includegraphics[width=0.4\columnwidth]{/Users/yeh...

? 
File: /Users/yehchihhsiang/Desktop/Analysis/CDEX_Analysis_method/Codes/Thesis_P
lot/Recoil_Spectrum/0P2GeV_MD_BR_1.pdf Graphic file (type pdf)
<use /Users/yehchihhsiang/Desktop/Analysis/CDEX_Analysis_method/Codes/Thesis_Pl
ot/Recoil_Spectrum/0P2GeV_MD_BR_1.pdf>
Package pdftex.def Info: /Users/yehchihhsiang/Desktop/Analysis/CDEX_Analysis_me
thod/Codes/Thesis_Plot/Recoil_Spectrum/0P2GeV_MD_BR_1.pdf  used on input line 3
25.
(pdftex.def)             Requested size: 182.09486pt x 123.96799pt.

Underfull \hbox (badness 10000) in paragraph at lines 331--332

 []


Underfull \hbox (badness 10000) in paragraph at lines 335--337

 []

[34 </Users/yehchihhsiang/Desktop/Analysis/CDEX_Analysis_method/Codes/Thesis_Pl
ot/Recoil_Spectrum/0P2GeV_MD_BR_1.pdf, page is rotated 90 degrees> </Users/yehc
hihhsiang/Desktop/Analysis/CDEX_Analysis_method/Codes/Thesis_Plot/Recoil_Spectr
um/0P2GeV_MD_BR_2.pdf, page is rotated 90 degrees> </Users/yehchihhsiang/Deskto
p/Analysis/CDEX_Analysis_method/Codes/Thesis_Plot/Recoil_Spectrum/0P2GeV_MD_BR_
3.pdf, page is rotated 90 degrees> </Users/yehchihhsiang/Desktop/Analysis/CDEX_
Analysis_method/Codes/Thesis_Plot/Recoil_Spectrum/0P2GeV_MD_BR_4.pdf, page is r
otated 90 degrees>] [35]
Underfull \hbox (badness 10000) in paragraph at lines 338--339

 []

</Users/yehchihhsiang/Desktop/Analysis/CDEX_Analysis_method/Codes/Thesis_Plot/S
ensitivity_Line/KS_Line.pdf, id=448, 569.12625pt x 387.4475pt>
File: /Users/yehchihhsiang/Desktop/Analysis/CDEX_Analysis_method/Codes/Thesis_P
lot/Sensitivity_Line/KS_Line.pdf Graphic file (type pdf)
<use /Users/yehchihhsiang/Desktop/Analysis/CDEX_Analysis_method/Codes/Thesis_Pl
ot/Sensitivity_Line/KS_Line.pdf>
Package pdftex.def Info: /Users/yehchihhsiang/Desktop/Analysis/CDEX_Analysis_me
thod/Codes/Thesis_Plot/Sensitivity_Line/KS_Line.pdf  used on input line 343.
(pdftex.def)             Requested size: 341.47838pt x 232.47029pt.
</Users/yehchihhsiang/Desktop/Analysis/CDEX_Analysis_method/Codes/Thesis_Plot/S
ensitivity_Line/CDEX_Line.pdf, id=449, 569.12625pt x 387.4475pt>
File: /Users/yehchihhsiang/Desktop/Analysis/CDEX_Analysis_method/Codes/Thesis_P
lot/Sensitivity_Line/CDEX_Line.pdf Graphic file (type pdf)
<use /Users/yehchihhsiang/Desktop/Analysis/CDEX_Analysis_method/Codes/Thesis_Pl
ot/Sensitivity_Line/CDEX_Line.pdf>
Package pdftex.def Info: /Users/yehchihhsiang/Desktop/Analysis/CDEX_Analysis_me
thod/Codes/Thesis_Plot/Sensitivity_Line/CDEX_Line.pdf  used on input line 349.
(pdftex.def)             Requested size: 341.47838pt x 232.47029pt.

LaTeX Warning: `h' float specifier changed to `ht'.


Underfull \hbox (badness 10000) in paragraph at lines 355--356

 []


Underfull \vbox (badness 10000) has occurred while \output is active []

 [36 </Users/yehchihhsiang/Desktop/Analysis/CDEX_Analysis_method/Codes/Thesis_P
lot/Sensitivity_Line/KS_Line.pdf, page is rotated 90 degrees>]
</Users/yehchihhsiang/Desktop/Analysis/CDEX_Analysis_method/Codes/Thesis_Plot/S
ensitivity_Line/KS_Line_overlap.pdf, id=497, 569.12625pt x 387.4475pt>
File: /Users/yehchihhsiang/Desktop/Analysis/CDEX_Analysis_method/Codes/Thesis_P
lot/Sensitivity_Line/KS_Line_overlap.pdf Graphic file (type pdf)
<use /Users/yehchihhsiang/Desktop/Analysis/CDEX_Analysis_method/Codes/Thesis_Pl
ot/Sensitivity_Line/KS_Line_overlap.pdf>
Package pdftex.def Info: /Users/yehchihhsiang/Desktop/Analysis/CDEX_Analysis_me
thod/Codes/Thesis_Plot/Sensitivity_Line/KS_Line_overlap.pdf  used on input line
 360.
(pdftex.def)             Requested size: 341.47838pt x 232.47029pt.


LaTeX Warning: `h' float specifier changed to `ht'.


Underfull \hbox (badness 10000) in paragraph at lines 365--366

 []


Underfull \hbox (badness 10000) in paragraph at lines 367--368

 []

[37 </Users/yehchihhsiang/Desktop/Analysis/CDEX_Analysis_method/Codes/Thesis_Pl
ot/Sensitivity_Line/CDEX_Line.pdf, page is rotated 90 degrees>]) [38 </Users/ye
hchihhsiang/Desktop/Analysis/CDEX_Analysis_method/Codes/Thesis_Plot/Sensitivity
_Line/KS_Line_overlap.pdf, page is rotated 90 degrees>]
\openout2 = `chap5.aux'.

 (./chap5.tex
Chapter 5.

Underfull \hbox (badness 10000) in paragraph at lines 13--14

 []


Underfull \hbox (badness 10000) in paragraph at lines 58--59

 []


Underfull \hbox (badness 10000) in paragraph at lines 59--60

 []

[39



] [40]
Underfull \hbox (badness 10000) in paragraph at lines 63--68

 []


Underfull \hbox (badness 10000) in paragraph at lines 68--69

 []


Underfull \hbox (badness 10000) in paragraph at lines 70--72

 []


Underfull \hbox (badness 10000) in paragraph at lines 77--79

 []


Underfull \hbox (badness 10000) in paragraph at lines 80--81

 []


Underfull \vbox (badness 10000) has occurred while \output is active []

 [41]
Underfull \hbox (badness 10000) in paragraph at lines 86--87

 []


Overfull \hbox (2.85527pt too wide) in paragraph at lines 88--89
[]\T1/cmr/m/n/12 In Fig.5-3[], the plot shows the pretty clear pat-tern that un
-der this mode with the movement-
 []


LaTeX Warning: No positions in optional float specifier.
               Default added (so using `tbp') on input line 90.

./chap5.tex:94: Undefined control sequence.
l.94 \subcaptionbox
                   {(a)}{\includegraphics[width=0.4\columnwidth]{/Users/yehc...

? 
</Users/yehchihhsiang/Desktop/Analysis/CDEX_Analysis_method/Codes/Thesis_Plot/S
ensitivity_Line/All_0P2GeV_STS_TEXONO_BR.pdf, id=600, 569.12625pt x 387.4475pt>

File: /Users/yehchihhsiang/Desktop/Analysis/CDEX_Analysis_method/Codes/Thesis_P
lot/Sensitivity_Line/All_0P2GeV_STS_TEXONO_BR.pdf Graphic file (type pdf)
<use /Users/yehchihhsiang/Desktop/Analysis/CDEX_Analysis_method/Codes/Thesis_Pl
ot/Sensitivity_Line/All_0P2GeV_STS_TEXONO_BR.pdf>
Package pdftex.def Info: /Users/yehchihhsiang/Desktop/Analysis/CDEX_Analysis_me
thod/Codes/Thesis_Plot/Sensitivity_Line/All_0P2GeV_STS_TEXONO_BR.pdf  used on i
nput line 94.
(pdftex.def)             Requested size: 182.09486pt x 123.96799pt.
./chap5.tex:95: Undefined control sequence.
l.95 \subcaptionbox
                   {(b)}{\includegraphics[width=0.4\columnwidth]{/Users/yehc...

? 
</Users/yehchihhsiang/Desktop/Analysis/CDEX_Analysis_method/Codes/Thesis_Plot/S
ensitivity_Line/All_20GeV_STS_TEXONO_NU.pdf, id=601, 569.12625pt x 387.4475pt>
File: /Users/yehchihhsiang/Desktop/Analysis/CDEX_Analysis_method/Codes/Thesis_P
lot/Sensitivity_Line/All_20GeV_STS_TEXONO_NU.pdf Graphic file (type pdf)
<use /Users/yehchihhsiang/Desktop/Analysis/CDEX_Analysis_method/Codes/Thesis_Pl
ot/Sensitivity_Line/All_20GeV_STS_TEXONO_NU.pdf>
Package pdftex.def Info: /Users/yehchihhsiang/Desktop/Analysis/CDEX_Analysis_me
thod/Codes/Thesis_Plot/Sensitivity_Line/All_20GeV_STS_TEXONO_NU.pdf  used on in
put line 95.
(pdftex.def)             Requested size: 182.09486pt x 123.96799pt.

Underfull \hbox (badness 10000) in paragraph at lines 101--102

 []

[42 </Users/yehchihhsiang/Desktop/Analysis/CDEX_Analysis_method/Codes/Thesis_Pl
ot/Sensitivity_Line/All_0P2GeV_STS_TEXONO_BR.pdf, page is rotated 90 degrees> <
/Users/yehchihhsiang/Desktop/Analysis/CDEX_Analysis_method/Codes/Thesis_Plot/Se
nsitivity_Line/All_20GeV_STS_TEXONO_NU.pdf, page is rotated 90 degrees>]
Underfull \hbox (badness 10000) in paragraph at lines 103--104

 []

[43]

LaTeX Warning: No positions in optional float specifier.
               Default added (so using `tbp') on input line 119.

./chap5.tex:123: Undefined control sequence.
l.123 \subcaptionbox
                    {(a)}{\includegraphics[width=0.4\columnwidth]{/Users/yeh...

? 
</Users/yehchihhsiang/Desktop/Analysis/CDEX_Analysis_method/Codes/Thesis_Plot/S
ensitivity_Line/All_20GeV_STS_Bent.pdf, id=696, 569.12625pt x 387.4475pt>
File: /Users/yehchihhsiang/Desktop/Analysis/CDEX_Analysis_method/Codes/Thesis_P
lot/Sensitivity_Line/All_20GeV_STS_Bent.pdf Graphic file (type pdf)
<use /Users/yehchihhsiang/Desktop/Analysis/CDEX_Analysis_method/Codes/Thesis_Pl
ot/Sensitivity_Line/All_20GeV_STS_Bent.pdf>
Package pdftex.def Info: /Users/yehchihhsiang/Desktop/Analysis/CDEX_Analysis_me
thod/Codes/Thesis_Plot/Sensitivity_Line/All_20GeV_STS_Bent.pdf  used on input l
ine 123.
(pdftex.def)             Requested size: 182.09486pt x 123.96799pt.
./chap5.tex:124: Undefined control sequence.
l.124 \subcaptionbox
                    {(b)}{\includegraphics[width=0.4\columnwidth]{/Users/yeh...

? 
</Users/yehchihhsiang/Desktop/Analysis/CDEX_Analysis_method/Codes/Thesis_Plot/S
ensitivity_Line/All_2GeV_STS_Bent.pdf, id=697, 569.12625pt x 387.4475pt>
File: /Users/yehchihhsiang/Desktop/Analysis/CDEX_Analysis_method/Codes/Thesis_P
lot/Sensitivity_Line/All_2GeV_STS_Bent.pdf Graphic file (type pdf)
<use /Users/yehchihhsiang/Desktop/Analysis/CDEX_Analysis_method/Codes/Thesis_Pl
ot/Sensitivity_Line/All_2GeV_STS_Bent.pdf>
Package pdftex.def Info: /Users/yehchihhsiang/Desktop/Analysis/CDEX_Analysis_me
thod/Codes/Thesis_Plot/Sensitivity_Line/All_2GeV_STS_Bent.pdf  used on input li
ne 124.
(pdftex.def)             Requested size: 182.09486pt x 123.96799pt.
./chap5.tex:125: Undefined control sequence.
l.125 \subcaptionbox
                    {(b)}{\includegraphics[width=0.4\columnwidth]{/Users/yeh...

? 
</Users/yehchihhsiang/Desktop/Analysis/CDEX_Analysis_method/Codes/Thesis_Plot/S
ensitivity_Line/All_0P2GeV_STS_Bent.pdf, id=698, 569.12625pt x 387.4475pt>
File: /Users/yehchihhsiang/Desktop/Analysis/CDEX_Analysis_method/Codes/Thesis_P
lot/Sensitivity_Line/All_0P2GeV_STS_Bent.pdf Graphic file (type pdf)
<use /Users/yehchihhsiang/Desktop/Analysis/CDEX_Analysis_method/Codes/Thesis_Pl
ot/Sensitivity_Line/All_0P2GeV_STS_Bent.pdf>
Package pdftex.def Info: /Users/yehchihhsiang/Desktop/Analysis/CDEX_Analysis_me
thod/Codes/Thesis_Plot/Sensitivity_Line/All_0P2GeV_STS_Bent.pdf  used on input 
line 125.
(pdftex.def)             Requested size: 182.09486pt x 123.96799pt.
) [44 </Users/yehchihhsiang/Desktop/Analysis/CDEX_Analysis_method/Codes/Thesis_
Plot/Sensitivity_Line/All_20GeV_STS_Bent.pdf, page is rotated 90 degrees> </Use
rs/yehchihhsiang/Desktop/Analysis/CDEX_Analysis_method/Codes/Thesis_Plot/Sensit
ivity_Line/All_2GeV_STS_Bent.pdf, page is rotated 90 degrees> </Users/yehchihhs
iang/Desktop/Analysis/CDEX_Analysis_method/Codes/Thesis_Plot/Sensitivity_Line/A
ll_0P2GeV_STS_Bent.pdf, page is rotated 90 degrees>]
\openout2 = `chap6.aux'.

 (./chap6.tex
Chapter 6.
[45



] [46

]
Chapter 7.
) [47]
\openout2 = `appa.aux'.

 (./appa.tex [48



]
Appendix A.
[49])
\openout2 = `appb.aux'.

 (./appb.tex [50




]
Appendix B.
[51] [52])
\openout2 = `biblio.aux'.

 (./biblio.tex
No file main.bbl.
)

Package caption Warning: Unused \captionsetup[subfigure] on input line 272.
See the caption package documentation for explanation.


./main.tex:96: LaTeX Error: \begin{enumerate} on input line 11 ended by \end{do
cument}.

See the LaTeX manual or LaTeX Companion for explanation.
Type  H <return>  for immediate help.
 ...                                              
                                                  
l.96 \end{document}
                   
? 
(./main.aux (./cover.aux) (./contents.aux) (./chap1.aux) (./chap2.aux)
(./chap3.aux) (./chap4.aux) (./chap5.aux) (./chap6.aux) (./appa.aux)
(./appb.aux) (./biblio.aux))

LaTeX Warning: There were multiply-defined labels.

 )
(\end occurred inside a group at level 1)

### semi simple group (level 1) entered at line 11 (\begingroup)
### bottom level
(\end occurred when \ifx on line 74 was incomplete) 
Here is how much of TeX's memory you used:
 15710 strings out of 482056
 321559 string characters out of 5937676
 533507 words of memory out of 5000000
 30996 multiletter control sequences out of 15000+600000
 545926 words of font info for 53 fonts, out of 8000000 for 9000
 319 hyphenation exceptions out of 8191
 60i,8n,60p,989b,949s stack positions out of 5000i,500n,10000p,200000b,80000s
 </Users/yehchihhsiang/Libra
ry/texlive/2020basic/texmf-var/fonts/pk/ljfour/jknappen/ec/ecrm0800.600pk> </Us
ers/yehchihhsiang/Library/texlive/2020basic/texmf-var/fonts/pk/ljfour/jknappen/
ec/ecbx1200.600pk> </Users/yehchihhsiang/Library/texlive/2020basic/texmf-var/fo
nts/pk/ljfour/jknappen/ec/ecbx2488.600pk> </Users/yehchihhsiang/Library/texlive
/2020basic/texmf-var/fonts/pk/ljfour/jknappen/ec/ecbx1440.600pk> </Users/yehchi
hhsiang/Library/texlive/2020basic/texmf-var/fonts/pk/ljfour/jknappen/ec/ecrm120
0.600pk> </Users/yehchihhsiang/Library/texlive/2020basic/texmf-var/fonts/pk/ljf
our/jknappen/ec/tcrm1440.600pk> </Users/yehchihhsiang/Library/texlive/2020basic
/texmf-var/fonts/pk/ljfour/jknappen/ec/ecrm1728.600pk> </Users/yehchihhsiang/Li
brary/texlive/2020basic/texmf-var/fonts/pk/ljfour/jknappen/ec/ecrm1440.600pk> <
/Users/yehchihhsiang/Library/texlive/2020basic/texmf-var/fonts/pk/ljfour/jknapp
en/ec/ecbx1728.600pk></usr/local/texlive/2020basic/texmf-dist/fonts/type1/publi
c/amsfonts/cm/cmex10.pfb></usr/local/texlive/2020basic/texmf-dist/fonts/type1/p
ublic/amsfonts/cm/cmmi12.pfb></usr/local/texlive/2020basic/texmf-dist/fonts/typ
e1/public/amsfonts/cm/cmmi6.pfb></usr/local/texlive/2020basic/texmf-dist/fonts/
type1/public/amsfonts/cm/cmmi8.pfb></usr/local/texlive/2020basic/texmf-dist/fon
ts/type1/public/amsfonts/cm/cmr12.pfb></usr/local/texlive/2020basic/texmf-dist/
fonts/type1/public/amsfonts/cm/cmr6.pfb></usr/local/texlive/2020basic/texmf-dis
t/fonts/type1/public/amsfonts/cm/cmr8.pfb></usr/local/texlive/2020basic/texmf-d
ist/fonts/type1/public/amsfonts/cm/cmsy10.pfb></usr/local/texlive/2020basic/tex
mf-dist/fonts/type1/public/amsfonts/cm/cmsy6.pfb>
Output written on main.pdf (52 pages, 936773 bytes).
PDF statistics:
 1268 PDF objects out of 1440 (max. 8388607)
 454 compressed objects within 5 object streams
 0 named destinations out of 1000 (max. 500000)
 101 words of extra memory for PDF output out of 10000 (max. 10000000)

